2019-10-23 09:46:40,933 INFO (StartupInfoLogger.java:50)- Starting CsdjApplication on LAPTOP-8R665O9N with PID 19416 (started by Administrator in D:\study\项目\源码\csdj)
2019-10-23 09:46:40,940 DEBUG (StartupInfoLogger.java:53)- Running with Spring Boot v2.1.9.RELEASE, Spring v5.1.9.RELEASE
2019-10-23 09:46:40,940 INFO (SpringApplication.java:648)- No active profile set, falling back to default profiles: default
2019-10-23 09:46:44,040 INFO (StartupInfoLogger.java:59)- Started CsdjApplication in 3.669 seconds (JVM running for 5.459)
2019-10-23 09:46:59,327 INFO (MemberServiceImpl.java:11)- 添加了一个党员
2019-10-23 09:54:26,850 INFO (StartupInfoLogger.java:50)- Starting CsdjApplication on LAPTOP-8R665O9N with PID 16268 (started by Administrator in D:\study\项目\源码\csdj)
2019-10-23 09:54:26,854 DEBUG (StartupInfoLogger.java:53)- Running with Spring Boot v2.1.9.RELEASE, Spring v5.1.9.RELEASE
2019-10-23 09:54:26,855 INFO (SpringApplication.java:648)- No active profile set, falling back to default profiles: default
2019-10-23 09:54:29,201 INFO (StartupInfoLogger.java:59)- Started CsdjApplication in 2.737 seconds (JVM running for 4.099)
2019-10-23 10:02:37,117 INFO (MemberServiceImpl.java:11)- 添加了一个党员
2019-10-23 10:02:55,631 INFO (MemberServiceImpl.java:11)- 添加了一个党员
2019-10-23 11:27:31,829 INFO (StartupInfoLogger.java:50)- Starting CsdjApplication on LAPTOP-8R665O9N with PID 9776 (C:\Users\Administrator.LAPTOP-8R665O9N\Desktop\dj\target\classes started by Administrator in C:\Users\Administrator.LAPTOP-8R665O9N\Desktop\dj)
2019-10-23 11:27:31,832 DEBUG (StartupInfoLogger.java:53)- Running with Spring Boot v2.1.9.RELEASE, Spring v5.1.9.RELEASE
2019-10-23 11:27:31,832 INFO (SpringApplication.java:648)- No active profile set, falling back to default profiles: default
2019-10-23 11:27:34,955 INFO (StartupInfoLogger.java:59)- Started CsdjApplication in 3.801 seconds (JVM running for 5.682)
2019-10-23 11:28:04,807 INFO (MemberServiceImpl.java:11)- 添加了一个党员
2019-10-23 11:28:08,365 INFO (MemberServiceImpl.java:11)- 添加了一个党员
2019-10-23 11:30:00,724 INFO (MemberServiceImpl.java:11)- 添加了一个党员
2019-10-23 11:30:11,612 INFO (StartupInfoLogger.java:50)- Starting CsdjApplication on LAPTOP-8R665O9N with PID 20312 (C:\Users\Administrator.LAPTOP-8R665O9N\Desktop\dj\target\classes started by Administrator in C:\Users\Administrator.LAPTOP-8R665O9N\Desktop\dj)
2019-10-23 11:30:11,616 DEBUG (StartupInfoLogger.java:53)- Running with Spring Boot v2.1.9.RELEASE, Spring v5.1.9.RELEASE
2019-10-23 11:30:11,617 INFO (SpringApplication.java:648)- No active profile set, falling back to default profiles: default
2019-10-23 11:30:14,436 INFO (StartupInfoLogger.java:59)- Started CsdjApplication in 3.269 seconds (JVM running for 4.619)
2019-10-23 11:30:20,565 INFO (MemberServiceImpl.java:11)- 添加了一个党员
2019-10-23 16:47:42,065 INFO (StartupInfoLogger.java:50)- Starting CsdjApplication on LAPTOP-8R665O9N with PID 8896 (C:\Users\Administrator.LAPTOP-8R665O9N\Desktop\dj\target\classes started by Administrator in C:\Users\Administrator.LAPTOP-8R665O9N\Desktop\dj)
2019-10-23 16:47:42,076 DEBUG (StartupInfoLogger.java:53)- Running with Spring Boot v2.1.9.RELEASE, Spring v5.1.9.RELEASE
2019-10-23 16:47:42,076 INFO (SpringApplication.java:648)- No active profile set, falling back to default profiles: default
2019-10-23 16:47:45,060 INFO (StartupInfoLogger.java:59)- Started CsdjApplication in 3.491 seconds (JVM running for 5.176)
2019-10-23 16:49:02,925 INFO (MemberServiceImpl.java:11)- 添加了一个党员
2019-10-23 16:49:14,644 INFO (StartupInfoLogger.java:50)- Starting CsdjApplication on LAPTOP-8R665O9N with PID 10384 (C:\Users\Administrator.LAPTOP-8R665O9N\Desktop\dj\target\classes started by Administrator in C:\Users\Administrator.LAPTOP-8R665O9N\Desktop\dj)
2019-10-23 16:49:14,648 DEBUG (StartupInfoLogger.java:53)- Running with Spring Boot v2.1.9.RELEASE, Spring v5.1.9.RELEASE
2019-10-23 16:49:14,648 INFO (SpringApplication.java:648)- No active profile set, falling back to default profiles: default
2019-10-23 16:49:17,414 INFO (StartupInfoLogger.java:59)- Started CsdjApplication in 3.252 seconds (JVM running for 4.672)
2019-10-23 16:55:31,179 INFO (StartupInfoLogger.java:50)- Starting CsdjApplication on LAPTOP-8R665O9N with PID 2816 (C:\Users\Administrator.LAPTOP-8R665O9N\Desktop\dj\target\classes started by Administrator in C:\Users\Administrator.LAPTOP-8R665O9N\Desktop\dj)
2019-10-23 16:55:31,183 DEBUG (StartupInfoLogger.java:53)- Running with Spring Boot v2.1.9.RELEASE, Spring v5.1.9.RELEASE
2019-10-23 16:55:31,184 INFO (SpringApplication.java:648)- No active profile set, falling back to default profiles: default
2019-10-23 16:55:34,042 INFO (StartupInfoLogger.java:59)- Started CsdjApplication in 3.331 seconds (JVM running for 5.4)
2019-10-24 09:27:29,559 INFO (StartupInfoLogger.java:50)- Starting CsdjApplication on DESKTOP-OPC3ST8 with PID 16032 (F:\projects\dj\target\classes started by ft in F:\projects\dj)
2019-10-24 09:27:29,563 DEBUG (StartupInfoLogger.java:53)- Running with Spring Boot v2.1.9.RELEASE, Spring v5.1.9.RELEASE
2019-10-24 09:27:29,564 INFO (SpringApplication.java:648)- No active profile set, falling back to default profiles: default
2019-10-24 09:27:33,405 INFO (StartupInfoLogger.java:59)- Started CsdjApplication in 4.502 seconds (JVM running for 6.195)
2019-10-24 09:31:06,360 INFO (MemberServiceImpl.java:11)- 添加了一个党员
2019-10-24 09:46:48,691 INFO (MemberServiceImpl.java:11)- 添加了一个党员
2019-10-24 11:05:12,138 INFO (MemberServiceImpl.java:11)- 添加了一个党员
2019-10-24 16:58:57,427 INFO (StartupInfoLogger.java:50)- Starting CsdjApplication on DESKTOP-OPC3ST8 with PID 804 (F:\projects\dj\target\classes started by ft in F:\projects\dj)
2019-10-24 16:58:57,438 DEBUG (StartupInfoLogger.java:53)- Running with Spring Boot v2.1.9.RELEASE, Spring v5.1.9.RELEASE
2019-10-24 16:58:57,439 INFO (SpringApplication.java:648)- No active profile set, falling back to default profiles: default
2019-10-24 16:59:00,943 INFO (StartupInfoLogger.java:59)- Started CsdjApplication in 4.155 seconds (JVM running for 6.009)
2019-10-24 17:00:51,042 INFO (MemberServiceImpl.java:11)- 添加了一个党员
2019-10-25 09:35:55,222 INFO (StartupInfoLogger.java:50)- Starting CsdjApplication on LAPTOP-PB20U6AE with PID 8856 (C:\Users\Lenovo\Desktop\dj\target\classes started by Lenovo in C:\Users\Lenovo\Desktop\dj)
2019-10-25 09:35:55,222 DEBUG (StartupInfoLogger.java:53)- Running with Spring Boot v2.1.9.RELEASE, Spring v5.1.9.RELEASE
2019-10-25 09:35:55,238 INFO (SpringApplication.java:648)- No active profile set, falling back to default profiles: default
2019-10-25 09:36:02,282 INFO (StartupInfoLogger.java:59)- Started CsdjApplication in 7.946 seconds (JVM running for 9.628)
2019-10-25 09:36:03,561 INFO (MemberServiceImpl.java:11)- 添加了一个党员
2019-10-25 09:39:40,410 INFO (StartupInfoLogger.java:50)- Starting CsdjApplication on LAPTOP-PB20U6AE with PID 21880 (C:\Users\Lenovo\Desktop\dj\target\classes started by Lenovo in C:\Users\Lenovo\Desktop\dj)
2019-10-25 09:39:40,410 DEBUG (StartupInfoLogger.java:53)- Running with Spring Boot v2.1.9.RELEASE, Spring v5.1.9.RELEASE
2019-10-25 09:39:40,410 INFO (SpringApplication.java:648)- No active profile set, falling back to default profiles: default
2019-10-25 09:39:46,826 INFO (StartupInfoLogger.java:59)- Started CsdjApplication in 7.364 seconds (JVM running for 9.163)
2019-10-25 09:39:56,904 INFO (MemberServiceImpl.java:11)- 添加了一个党员
2019-10-25 09:41:39,692 INFO (StartupInfoLogger.java:50)- Starting CsdjApplication on LAPTOP-PB20U6AE with PID 17056 (C:\Users\Lenovo\Desktop\dj\target\classes started by Lenovo in C:\Users\Lenovo\Desktop\dj)
2019-10-25 09:41:39,692 DEBUG (StartupInfoLogger.java:53)- Running with Spring Boot v2.1.9.RELEASE, Spring v5.1.9.RELEASE
2019-10-25 09:41:39,692 INFO (SpringApplication.java:648)- No active profile set, falling back to default profiles: default
2019-10-25 09:41:46,683 INFO (StartupInfoLogger.java:59)- Started CsdjApplication in 7.94 seconds (JVM running for 9.657)
2019-10-25 09:41:46,814 INFO (MemberServiceImpl.java:11)- 添加了一个党员
2019-10-25 09:43:26,389 INFO (StartupInfoLogger.java:50)- Starting CsdjApplication on LAPTOP-PB20U6AE with PID 18284 (C:\Users\Lenovo\Desktop\dj\target\classes started by Lenovo in C:\Users\Lenovo\Desktop\dj)
2019-10-25 09:43:26,389 DEBUG (StartupInfoLogger.java:53)- Running with Spring Boot v2.1.9.RELEASE, Spring v5.1.9.RELEASE
2019-10-25 09:43:26,389 INFO (SpringApplication.java:648)- No active profile set, falling back to default profiles: default
2019-10-25 09:43:32,882 INFO (StartupInfoLogger.java:59)- Started CsdjApplication in 7.41 seconds (JVM running for 9.092)
2019-10-25 09:43:37,621 INFO (MemberServiceImpl.java:11)- 添加了一个党员
2019-10-25 09:46:38,333 INFO (StartupInfoLogger.java:50)- Starting CsdjApplication on LAPTOP-PB20U6AE with PID 17920 (C:\Users\Lenovo\Desktop\dj\target\classes started by Lenovo in C:\Users\Lenovo\Desktop\dj)
2019-10-25 09:46:38,333 DEBUG (StartupInfoLogger.java:53)- Running with Spring Boot v2.1.9.RELEASE, Spring v5.1.9.RELEASE
2019-10-25 09:46:38,333 INFO (SpringApplication.java:648)- No active profile set, falling back to default profiles: default
2019-10-25 09:46:44,547 INFO (StartupInfoLogger.java:59)- Started CsdjApplication in 7.185 seconds (JVM running for 9.128)
2019-10-25 09:46:47,798 INFO (MemberServiceImpl.java:11)- 添加了一个党员
2019-10-25 09:47:19,058 INFO (StartupInfoLogger.java:50)- Starting CsdjApplication on LAPTOP-PB20U6AE with PID 21008 (C:\Users\Lenovo\Desktop\dj\target\classes started by Lenovo in C:\Users\Lenovo\Desktop\dj)
2019-10-25 09:47:19,068 DEBUG (StartupInfoLogger.java:53)- Running with Spring Boot v2.1.9.RELEASE, Spring v5.1.9.RELEASE
2019-10-25 09:47:19,068 INFO (SpringApplication.java:648)- No active profile set, falling back to default profiles: default
2019-10-25 09:47:27,079 INFO (StartupInfoLogger.java:59)- Started CsdjApplication in 9.387 seconds (JVM running for 12.345)
2019-10-25 09:47:31,033 INFO (MemberServiceImpl.java:11)- 添加了一个党员
2019-10-25 09:47:47,191 INFO (StartupInfoLogger.java:50)- Starting CsdjApplication on LAPTOP-PB20U6AE with PID 17556 (C:\Users\Lenovo\Desktop\dj\target\classes started by Lenovo in C:\Users\Lenovo\Desktop\dj)
2019-10-25 09:47:47,232 DEBUG (StartupInfoLogger.java:53)- Running with Spring Boot v2.1.9.RELEASE, Spring v5.1.9.RELEASE
2019-10-25 09:47:47,240 INFO (SpringApplication.java:648)- No active profile set, falling back to default profiles: default
2019-10-25 09:47:54,264 INFO (StartupInfoLogger.java:59)- Started CsdjApplication in 8.402 seconds (JVM running for 10.119)
2019-10-25 09:49:15,941 INFO (MemberServiceImpl.java:11)- 添加了一个党员
2019-10-25 10:50:14,871 INFO (StartupInfoLogger.java:50)- Starting CsdjApplication on LAPTOP-PB20U6AE with PID 14564 (C:\Users\Lenovo\Desktop\dj\target\classes started by Lenovo in C:\Users\Lenovo\Desktop\dj)
2019-10-25 10:50:14,880 DEBUG (StartupInfoLogger.java:53)- Running with Spring Boot v2.1.9.RELEASE, Spring v5.1.9.RELEASE
2019-10-25 10:50:14,883 INFO (SpringApplication.java:648)- No active profile set, falling back to default profiles: default
2019-10-25 10:50:21,527 INFO (StartupInfoLogger.java:59)- Started CsdjApplication in 7.603 seconds (JVM running for 9.853)
2019-10-25 10:50:45,896 INFO (MemberServiceImpl.java:11)- 添加了一个党员
2019-10-25 10:56:31,062 INFO (StartupInfoLogger.java:50)- Starting CsdjApplication on LAPTOP-PB20U6AE with PID 20580 (C:\Users\Lenovo\Desktop\dj\target\classes started by Lenovo in C:\Users\Lenovo\Desktop\dj)
2019-10-25 10:56:31,070 DEBUG (StartupInfoLogger.java:53)- Running with Spring Boot v2.1.9.RELEASE, Spring v5.1.9.RELEASE
2019-10-25 10:56:31,072 INFO (SpringApplication.java:648)- No active profile set, falling back to default profiles: default
2019-10-25 10:56:38,937 INFO (StartupInfoLogger.java:59)- Started CsdjApplication in 9.004 seconds (JVM running for 10.681)
2019-10-25 10:56:57,377 INFO (MemberServiceImpl.java:11)- 添加了一个党员
2019-10-25 11:19:19,851 INFO (StartupInfoLogger.java:50)- Starting CsdjApplication on LAPTOP-PB20U6AE with PID 5412 (C:\Users\Lenovo\Desktop\dj\target\classes started by Lenovo in C:\Users\Lenovo\Desktop\dj)
2019-10-25 11:19:19,857 DEBUG (StartupInfoLogger.java:53)- Running with Spring Boot v2.1.9.RELEASE, Spring v5.1.9.RELEASE
2019-10-25 11:19:19,858 INFO (SpringApplication.java:648)- No active profile set, falling back to default profiles: default
2019-10-25 11:19:26,886 INFO (StartupInfoLogger.java:59)- Started CsdjApplication in 8.098 seconds (JVM running for 9.872)
2019-10-25 11:19:34,124 INFO (MemberServiceImpl.java:11)- 添加了一个党员
2019-10-25 11:21:07,095 INFO (StartupInfoLogger.java:50)- Starting CsdjApplication on LAPTOP-PB20U6AE with PID 8216 (C:\Users\Lenovo\Desktop\dj\target\classes started by Lenovo in C:\Users\Lenovo\Desktop\dj)
2019-10-25 11:21:07,105 DEBUG (StartupInfoLogger.java:53)- Running with Spring Boot v2.1.9.RELEASE, Spring v5.1.9.RELEASE
2019-10-25 11:21:07,109 INFO (SpringApplication.java:648)- No active profile set, falling back to default profiles: default
2019-10-25 11:21:13,401 INFO (StartupInfoLogger.java:59)- Started CsdjApplication in 7.4 seconds (JVM running for 9.011)
2019-10-25 11:22:41,873 INFO (StartupInfoLogger.java:50)- Starting CsdjApplication on LAPTOP-PB20U6AE with PID 7996 (C:\Users\Lenovo\Desktop\dj\target\classes started by Lenovo in C:\Users\Lenovo\Desktop\dj)
2019-10-25 11:22:41,881 DEBUG (StartupInfoLogger.java:53)- Running with Spring Boot v2.1.9.RELEASE, Spring v5.1.9.RELEASE
2019-10-25 11:22:41,882 INFO (SpringApplication.java:648)- No active profile set, falling back to default profiles: default
2019-10-25 11:22:47,763 INFO (StartupInfoLogger.java:59)- Started CsdjApplication in 6.797 seconds (JVM running for 8.407)
2019-10-25 11:23:03,085 INFO (MemberServiceImpl.java:11)- 添加了一个党员
2019-10-25 11:27:54,306 INFO (StartupInfoLogger.java:50)- Starting CsdjApplication on LAPTOP-PB20U6AE with PID 3840 (C:\Users\Lenovo\Desktop\dj\target\classes started by Lenovo in C:\Users\Lenovo\Desktop\dj)
2019-10-25 11:27:54,312 DEBUG (StartupInfoLogger.java:53)- Running with Spring Boot v2.1.9.RELEASE, Spring v5.1.9.RELEASE
2019-10-25 11:27:54,313 INFO (SpringApplication.java:648)- No active profile set, falling back to default profiles: default
2019-10-25 11:28:01,004 INFO (StartupInfoLogger.java:59)- Started CsdjApplication in 7.661 seconds (JVM running for 9.297)
2019-10-25 11:28:33,790 INFO (MemberServiceImpl.java:11)- 添加了一个党员
2019-10-25 11:29:03,464 INFO (StartupInfoLogger.java:50)- Starting CsdjApplication on LAPTOP-PB20U6AE with PID 1140 (C:\Users\Lenovo\Desktop\dj\target\classes started by Lenovo in C:\Users\Lenovo\Desktop\dj)
2019-10-25 11:29:03,472 DEBUG (StartupInfoLogger.java:53)- Running with Spring Boot v2.1.9.RELEASE, Spring v5.1.9.RELEASE
2019-10-25 11:29:03,473 INFO (SpringApplication.java:648)- No active profile set, falling back to default profiles: default
2019-10-25 11:29:09,631 INFO (StartupInfoLogger.java:59)- Started CsdjApplication in 7.215 seconds (JVM running for 9.027)
2019-10-25 11:30:33,813 INFO (MemberServiceImpl.java:11)- 添加了一个党员
2019-10-25 11:31:49,378 INFO (StartupInfoLogger.java:50)- Starting CsdjApplication on LAPTOP-PB20U6AE with PID 19700 (C:\Users\Lenovo\Desktop\dj\target\classes started by Lenovo in C:\Users\Lenovo\Desktop\dj)
2019-10-25 11:31:49,385 DEBUG (StartupInfoLogger.java:53)- Running with Spring Boot v2.1.9.RELEASE, Spring v5.1.9.RELEASE
2019-10-25 11:31:49,386 INFO (SpringApplication.java:648)- No active profile set, falling back to default profiles: default
2019-10-25 11:31:55,678 INFO (StartupInfoLogger.java:59)- Started CsdjApplication in 7.432 seconds (JVM running for 9.122)
2019-10-25 11:32:27,234 INFO (MemberServiceImpl.java:11)- 添加了一个党员
2019-10-25 11:36:10,186 INFO (StartupInfoLogger.java:50)- Starting CsdjApplication on LAPTOP-PB20U6AE with PID 13412 (C:\Users\Lenovo\Desktop\dj\target\classes started by Lenovo in C:\Users\Lenovo\Desktop\dj)
2019-10-25 11:36:10,195 DEBUG (StartupInfoLogger.java:53)- Running with Spring Boot v2.1.9.RELEASE, Spring v5.1.9.RELEASE
2019-10-25 11:36:10,196 INFO (SpringApplication.java:648)- No active profile set, falling back to default profiles: default
2019-10-25 11:36:18,241 INFO (StartupInfoLogger.java:59)- Started CsdjApplication in 9.358 seconds (JVM running for 12.646)
2019-10-25 11:36:33,016 INFO (MemberServiceImpl.java:11)- 添加了一个党员
2019-10-25 14:38:54,006 INFO (StartupInfoLogger.java:50)- Starting CsdjApplication on LAPTOP-PB20U6AE with PID 20984 (C:\Users\Lenovo\Desktop\dj\target\classes started by Lenovo in C:\Users\Lenovo\Desktop\dj)
2019-10-25 14:38:54,014 DEBUG (StartupInfoLogger.java:53)- Running with Spring Boot v2.1.9.RELEASE, Spring v5.1.9.RELEASE
2019-10-25 14:38:54,015 INFO (SpringApplication.java:648)- No active profile set, falling back to default profiles: default
2019-10-25 14:39:00,796 INFO (StartupInfoLogger.java:59)- Started CsdjApplication in 8.043 seconds (JVM running for 10.008)
2019-10-25 14:39:09,132 INFO (MemberServiceImpl.java:11)- 添加了一个党员
2019-10-25 14:39:16,339 ERROR (BaseController.java:152)- 缺少请求参数
org.springframework.web.bind.MissingServletRequestParameterException: Required Note parameter 'editor' is not present
	at org.springframework.web.method.annotation.RequestParamMethodArgumentResolver.handleMissingValue(RequestParamMethodArgumentResolver.java:202)
	at org.springframework.web.method.annotation.AbstractNamedValueMethodArgumentResolver.resolveArgument(AbstractNamedValueMethodArgumentResolver.java:113)
	at org.springframework.web.method.support.HandlerMethodArgumentResolverComposite.resolveArgument(HandlerMethodArgumentResolverComposite.java:127)
	at org.springframework.web.method.support.InvocableHandlerMethod.getMethodArgumentValues(InvocableHandlerMethod.java:167)
	at org.springframework.web.method.support.InvocableHandlerMethod.invokeForRequest(InvocableHandlerMethod.java:134)
	at org.springframework.web.servlet.mvc.method.annotation.ServletInvocableHandlerMethod.invokeAndHandle(ServletInvocableHandlerMethod.java:104)
	at org.springframework.web.servlet.mvc.method.annotation.RequestMappingHandlerAdapter.invokeHandlerMethod(RequestMappingHandlerAdapter.java:892)
	at org.springframework.web.servlet.mvc.method.annotation.RequestMappingHandlerAdapter.handleInternal(RequestMappingHandlerAdapter.java:797)
	at org.springframework.web.servlet.mvc.method.AbstractHandlerMethodAdapter.handle(AbstractHandlerMethodAdapter.java:87)
	at org.springframework.web.servlet.DispatcherServlet.doDispatch(DispatcherServlet.java:1039)
	at org.springframework.web.servlet.DispatcherServlet.doService(DispatcherServlet.java:942)
	at org.springframework.web.servlet.FrameworkServlet.processRequest(FrameworkServlet.java:1005)
	at org.springframework.web.servlet.FrameworkServlet.doPost(FrameworkServlet.java:908)
	at javax.servlet.http.HttpServlet.service(HttpServlet.java:660)
	at org.springframework.web.servlet.FrameworkServlet.service(FrameworkServlet.java:882)
	at javax.servlet.http.HttpServlet.service(HttpServlet.java:741)
	at org.apache.catalina.core.ApplicationFilterChain.internalDoFilter(ApplicationFilterChain.java:231)
	at org.apache.catalina.core.ApplicationFilterChain.doFilter(ApplicationFilterChain.java:166)
	at org.apache.tomcat.websocket.server.WsFilter.doFilter(WsFilter.java:53)
	at org.apache.catalina.core.ApplicationFilterChain.internalDoFilter(ApplicationFilterChain.java:193)
	at org.apache.catalina.core.ApplicationFilterChain.doFilter(ApplicationFilterChain.java:166)
	at org.apache.shiro.web.servlet.AbstractShiroFilter.executeChain(AbstractShiroFilter.java:449)
	at org.apache.shiro.web.servlet.AbstractShiroFilter$1.call(AbstractShiroFilter.java:365)
	at org.apache.shiro.subject.support.SubjectCallable.doCall(SubjectCallable.java:90)
	at org.apache.shiro.subject.support.SubjectCallable.call(SubjectCallable.java:83)
	at org.apache.shiro.subject.support.DelegatingSubject.execute(DelegatingSubject.java:387)
	at org.apache.shiro.web.servlet.AbstractShiroFilter.doFilterInternal(AbstractShiroFilter.java:362)
	at org.apache.shiro.web.servlet.OncePerRequestFilter.doFilter(OncePerRequestFilter.java:125)
	at org.apache.catalina.core.ApplicationFilterChain.internalDoFilter(ApplicationFilterChain.java:193)
	at org.apache.catalina.core.ApplicationFilterChain.doFilter(ApplicationFilterChain.java:166)
	at org.springframework.web.filter.RequestContextFilter.doFilterInternal(RequestContextFilter.java:99)
	at org.springframework.web.filter.OncePerRequestFilter.doFilter(OncePerRequestFilter.java:118)
	at org.apache.catalina.core.ApplicationFilterChain.internalDoFilter(ApplicationFilterChain.java:193)
	at org.apache.catalina.core.ApplicationFilterChain.doFilter(ApplicationFilterChain.java:166)
	at org.springframework.web.filter.FormContentFilter.doFilterInternal(FormContentFilter.java:92)
	at org.springframework.web.filter.OncePerRequestFilter.doFilter(OncePerRequestFilter.java:118)
	at org.apache.catalina.core.ApplicationFilterChain.internalDoFilter(ApplicationFilterChain.java:193)
	at org.apache.catalina.core.ApplicationFilterChain.doFilter(ApplicationFilterChain.java:166)
	at org.springframework.web.filter.HiddenHttpMethodFilter.doFilterInternal(HiddenHttpMethodFilter.java:93)
	at org.springframework.web.filter.OncePerRequestFilter.doFilter(OncePerRequestFilter.java:118)
	at org.apache.catalina.core.ApplicationFilterChain.internalDoFilter(ApplicationFilterChain.java:193)
	at org.apache.catalina.core.ApplicationFilterChain.doFilter(ApplicationFilterChain.java:166)
	at org.springframework.web.filter.CharacterEncodingFilter.doFilterInternal(CharacterEncodingFilter.java:200)
	at org.springframework.web.filter.OncePerRequestFilter.doFilter(OncePerRequestFilter.java:118)
	at org.apache.catalina.core.ApplicationFilterChain.internalDoFilter(ApplicationFilterChain.java:193)
	at org.apache.catalina.core.ApplicationFilterChain.doFilter(ApplicationFilterChain.java:166)
	at org.apache.catalina.core.StandardWrapperValve.invoke(StandardWrapperValve.java:202)
	at org.apache.catalina.core.StandardContextValve.invoke(StandardContextValve.java:96)
	at org.apache.catalina.authenticator.AuthenticatorBase.invoke(AuthenticatorBase.java:526)
	at org.apache.catalina.core.StandardHostValve.invoke(StandardHostValve.java:139)
	at org.apache.catalina.valves.ErrorReportValve.invoke(ErrorReportValve.java:92)
	at org.apache.catalina.core.StandardEngineValve.invoke(StandardEngineValve.java:74)
	at org.apache.catalina.connector.CoyoteAdapter.service(CoyoteAdapter.java:343)
	at org.apache.coyote.http11.Http11Processor.service(Http11Processor.java:408)
	at org.apache.coyote.AbstractProcessorLight.process(AbstractProcessorLight.java:66)
	at org.apache.coyote.AbstractProtocol$ConnectionHandler.process(AbstractProtocol.java:860)
	at org.apache.tomcat.util.net.NioEndpoint$SocketProcessor.doRun(NioEndpoint.java:1587)
	at org.apache.tomcat.util.net.SocketProcessorBase.run(SocketProcessorBase.java:49)
	at java.util.concurrent.ThreadPoolExecutor.runWorker(ThreadPoolExecutor.java:1149)
	at java.util.concurrent.ThreadPoolExecutor$Worker.run(ThreadPoolExecutor.java:624)
	at org.apache.tomcat.util.threads.TaskThread$WrappingRunnable.run(TaskThread.java:61)
	at java.lang.Thread.run(Thread.java:748)
2019-10-25 14:53:21,983 INFO (StartupInfoLogger.java:50)- Starting CsdjApplication on LAPTOP-PB20U6AE with PID 17352 (C:\Users\Lenovo\Desktop\dj\target\classes started by Lenovo in C:\Users\Lenovo\Desktop\dj)
2019-10-25 14:53:21,989 DEBUG (StartupInfoLogger.java:53)- Running with Spring Boot v2.1.9.RELEASE, Spring v5.1.9.RELEASE
2019-10-25 14:53:21,990 INFO (SpringApplication.java:648)- No active profile set, falling back to default profiles: default
2019-10-25 14:53:29,720 INFO (StartupInfoLogger.java:59)- Started CsdjApplication in 8.747 seconds (JVM running for 10.514)
2019-10-25 14:53:36,960 INFO (MemberServiceImpl.java:11)- 添加了一个党员
2019-10-25 14:53:46,702 ERROR (BaseController.java:152)- 缺少请求参数
org.springframework.web.bind.MissingServletRequestParameterException: Required Note parameter 'editor' is not present
	at org.springframework.web.method.annotation.RequestParamMethodArgumentResolver.handleMissingValue(RequestParamMethodArgumentResolver.java:202)
	at org.springframework.web.method.annotation.AbstractNamedValueMethodArgumentResolver.resolveArgument(AbstractNamedValueMethodArgumentResolver.java:113)
	at org.springframework.web.method.support.HandlerMethodArgumentResolverComposite.resolveArgument(HandlerMethodArgumentResolverComposite.java:127)
	at org.springframework.web.method.support.InvocableHandlerMethod.getMethodArgumentValues(InvocableHandlerMethod.java:167)
	at org.springframework.web.method.support.InvocableHandlerMethod.invokeForRequest(InvocableHandlerMethod.java:134)
	at org.springframework.web.servlet.mvc.method.annotation.ServletInvocableHandlerMethod.invokeAndHandle(ServletInvocableHandlerMethod.java:104)
	at org.springframework.web.servlet.mvc.method.annotation.RequestMappingHandlerAdapter.invokeHandlerMethod(RequestMappingHandlerAdapter.java:892)
	at org.springframework.web.servlet.mvc.method.annotation.RequestMappingHandlerAdapter.handleInternal(RequestMappingHandlerAdapter.java:797)
	at org.springframework.web.servlet.mvc.method.AbstractHandlerMethodAdapter.handle(AbstractHandlerMethodAdapter.java:87)
	at org.springframework.web.servlet.DispatcherServlet.doDispatch(DispatcherServlet.java:1039)
	at org.springframework.web.servlet.DispatcherServlet.doService(DispatcherServlet.java:942)
	at org.springframework.web.servlet.FrameworkServlet.processRequest(FrameworkServlet.java:1005)
	at org.springframework.web.servlet.FrameworkServlet.doPost(FrameworkServlet.java:908)
	at javax.servlet.http.HttpServlet.service(HttpServlet.java:660)
	at org.springframework.web.servlet.FrameworkServlet.service(FrameworkServlet.java:882)
	at javax.servlet.http.HttpServlet.service(HttpServlet.java:741)
	at org.apache.catalina.core.ApplicationFilterChain.internalDoFilter(ApplicationFilterChain.java:231)
	at org.apache.catalina.core.ApplicationFilterChain.doFilter(ApplicationFilterChain.java:166)
	at org.apache.tomcat.websocket.server.WsFilter.doFilter(WsFilter.java:53)
	at org.apache.catalina.core.ApplicationFilterChain.internalDoFilter(ApplicationFilterChain.java:193)
	at org.apache.catalina.core.ApplicationFilterChain.doFilter(ApplicationFilterChain.java:166)
	at org.apache.shiro.web.servlet.AbstractShiroFilter.executeChain(AbstractShiroFilter.java:449)
	at org.apache.shiro.web.servlet.AbstractShiroFilter$1.call(AbstractShiroFilter.java:365)
	at org.apache.shiro.subject.support.SubjectCallable.doCall(SubjectCallable.java:90)
	at org.apache.shiro.subject.support.SubjectCallable.call(SubjectCallable.java:83)
	at org.apache.shiro.subject.support.DelegatingSubject.execute(DelegatingSubject.java:387)
	at org.apache.shiro.web.servlet.AbstractShiroFilter.doFilterInternal(AbstractShiroFilter.java:362)
	at org.apache.shiro.web.servlet.OncePerRequestFilter.doFilter(OncePerRequestFilter.java:125)
	at org.apache.catalina.core.ApplicationFilterChain.internalDoFilter(ApplicationFilterChain.java:193)
	at org.apache.catalina.core.ApplicationFilterChain.doFilter(ApplicationFilterChain.java:166)
	at org.springframework.web.filter.RequestContextFilter.doFilterInternal(RequestContextFilter.java:99)
	at org.springframework.web.filter.OncePerRequestFilter.doFilter(OncePerRequestFilter.java:118)
	at org.apache.catalina.core.ApplicationFilterChain.internalDoFilter(ApplicationFilterChain.java:193)
	at org.apache.catalina.core.ApplicationFilterChain.doFilter(ApplicationFilterChain.java:166)
	at org.springframework.web.filter.FormContentFilter.doFilterInternal(FormContentFilter.java:92)
	at org.springframework.web.filter.OncePerRequestFilter.doFilter(OncePerRequestFilter.java:118)
	at org.apache.catalina.core.ApplicationFilterChain.internalDoFilter(ApplicationFilterChain.java:193)
	at org.apache.catalina.core.ApplicationFilterChain.doFilter(ApplicationFilterChain.java:166)
	at org.springframework.web.filter.HiddenHttpMethodFilter.doFilterInternal(HiddenHttpMethodFilter.java:93)
	at org.springframework.web.filter.OncePerRequestFilter.doFilter(OncePerRequestFilter.java:118)
	at org.apache.catalina.core.ApplicationFilterChain.internalDoFilter(ApplicationFilterChain.java:193)
	at org.apache.catalina.core.ApplicationFilterChain.doFilter(ApplicationFilterChain.java:166)
	at org.springframework.web.filter.CharacterEncodingFilter.doFilterInternal(CharacterEncodingFilter.java:200)
	at org.springframework.web.filter.OncePerRequestFilter.doFilter(OncePerRequestFilter.java:118)
	at org.apache.catalina.core.ApplicationFilterChain.internalDoFilter(ApplicationFilterChain.java:193)
	at org.apache.catalina.core.ApplicationFilterChain.doFilter(ApplicationFilterChain.java:166)
	at org.apache.catalina.core.StandardWrapperValve.invoke(StandardWrapperValve.java:202)
	at org.apache.catalina.core.StandardContextValve.invoke(StandardContextValve.java:96)
	at org.apache.catalina.authenticator.AuthenticatorBase.invoke(AuthenticatorBase.java:526)
	at org.apache.catalina.core.StandardHostValve.invoke(StandardHostValve.java:139)
	at org.apache.catalina.valves.ErrorReportValve.invoke(ErrorReportValve.java:92)
	at org.apache.catalina.core.StandardEngineValve.invoke(StandardEngineValve.java:74)
	at org.apache.catalina.connector.CoyoteAdapter.service(CoyoteAdapter.java:343)
	at org.apache.coyote.http11.Http11Processor.service(Http11Processor.java:408)
	at org.apache.coyote.AbstractProcessorLight.process(AbstractProcessorLight.java:66)
	at org.apache.coyote.AbstractProtocol$ConnectionHandler.process(AbstractProtocol.java:860)
	at org.apache.tomcat.util.net.NioEndpoint$SocketProcessor.doRun(NioEndpoint.java:1587)
	at org.apache.tomcat.util.net.SocketProcessorBase.run(SocketProcessorBase.java:49)
	at java.util.concurrent.ThreadPoolExecutor.runWorker(ThreadPoolExecutor.java:1149)
	at java.util.concurrent.ThreadPoolExecutor$Worker.run(ThreadPoolExecutor.java:624)
	at org.apache.tomcat.util.threads.TaskThread$WrappingRunnable.run(TaskThread.java:61)
	at java.lang.Thread.run(Thread.java:748)
2019-10-25 15:07:58,576 INFO (StartupInfoLogger.java:50)- Starting CsdjApplication on LAPTOP-PB20U6AE with PID 15848 (C:\Users\Lenovo\Desktop\dj\target\classes started by Lenovo in C:\Users\Lenovo\Desktop\dj)
2019-10-25 15:07:58,582 DEBUG (StartupInfoLogger.java:53)- Running with Spring Boot v2.1.9.RELEASE, Spring v5.1.9.RELEASE
2019-10-25 15:07:58,583 INFO (SpringApplication.java:648)- No active profile set, falling back to default profiles: default
2019-10-25 15:08:04,931 INFO (StartupInfoLogger.java:59)- Started CsdjApplication in 7.323 seconds (JVM running for 9.014)
2019-10-25 15:08:13,676 INFO (MemberServiceImpl.java:11)- 添加了一个党员
2019-10-25 15:15:43,116 INFO (StartupInfoLogger.java:50)- Starting CsdjApplication on LAPTOP-PB20U6AE with PID 8340 (C:\Users\Lenovo\Desktop\dj\target\classes started by Lenovo in C:\Users\Lenovo\Desktop\dj)
2019-10-25 15:15:43,123 DEBUG (StartupInfoLogger.java:53)- Running with Spring Boot v2.1.9.RELEASE, Spring v5.1.9.RELEASE
2019-10-25 15:15:43,124 INFO (SpringApplication.java:648)- No active profile set, falling back to default profiles: default
2019-10-25 15:15:49,321 INFO (StartupInfoLogger.java:59)- Started CsdjApplication in 7.149 seconds (JVM running for 8.84)
2019-10-25 15:16:12,403 INFO (MemberServiceImpl.java:11)- 添加了一个党员
2019-10-25 15:54:58,011 INFO (StartupInfoLogger.java:50)- Starting CsdjApplication on LAPTOP-PB20U6AE with PID 6084 (C:\Users\Lenovo\Desktop\dj\target\classes started by Lenovo in C:\Users\Lenovo\Desktop\dj)
2019-10-25 15:54:58,017 DEBUG (StartupInfoLogger.java:53)- Running with Spring Boot v2.1.9.RELEASE, Spring v5.1.9.RELEASE
2019-10-25 15:54:58,018 INFO (SpringApplication.java:648)- No active profile set, falling back to default profiles: default
2019-10-25 15:55:05,051 INFO (StartupInfoLogger.java:59)- Started CsdjApplication in 8.01 seconds (JVM running for 9.674)
2019-10-25 15:57:05,810 INFO (MemberServiceImpl.java:11)- 添加了一个党员
2019-10-25 16:00:40,351 INFO (StartupInfoLogger.java:50)- Starting CsdjApplication on LAPTOP-PB20U6AE with PID 13564 (C:\Users\Lenovo\Desktop\dj\target\classes started by Lenovo in C:\Users\Lenovo\Desktop\dj)
2019-10-25 16:00:40,357 DEBUG (StartupInfoLogger.java:53)- Running with Spring Boot v2.1.9.RELEASE, Spring v5.1.9.RELEASE
2019-10-25 16:00:40,358 INFO (SpringApplication.java:648)- No active profile set, falling back to default profiles: default
2019-10-25 16:00:46,797 INFO (StartupInfoLogger.java:59)- Started CsdjApplication in 7.428 seconds (JVM running for 9.193)
2019-10-25 16:01:54,438 INFO (MemberServiceImpl.java:11)- 添加了一个党员
2019-10-25 16:05:55,285 INFO (StartupInfoLogger.java:50)- Starting CsdjApplication on LAPTOP-PB20U6AE with PID 18548 (C:\Users\Lenovo\Desktop\dj\target\classes started by Lenovo in C:\Users\Lenovo\Desktop\dj)
2019-10-25 16:05:55,294 DEBUG (StartupInfoLogger.java:53)- Running with Spring Boot v2.1.9.RELEASE, Spring v5.1.9.RELEASE
2019-10-25 16:05:55,294 INFO (SpringApplication.java:648)- No active profile set, falling back to default profiles: default
2019-10-25 16:06:01,621 INFO (StartupInfoLogger.java:59)- Started CsdjApplication in 7.283 seconds (JVM running for 8.981)
2019-10-25 16:06:13,436 INFO (MemberServiceImpl.java:11)- 添加了一个党员
2019-10-25 16:06:22,000 ERROR (BaseController.java:282)- 系统异常:No primary or default constructor found for interface org.springframework.http.HttpRequest
java.lang.IllegalStateException: No primary or default constructor found for interface org.springframework.http.HttpRequest
	at org.springframework.web.method.annotation.ModelAttributeMethodProcessor.createAttribute(ModelAttributeMethodProcessor.java:219)
	at org.springframework.web.servlet.mvc.method.annotation.ServletModelAttributeMethodProcessor.createAttribute(ServletModelAttributeMethodProcessor.java:84)
	at org.springframework.web.method.annotation.ModelAttributeMethodProcessor.resolveArgument(ModelAttributeMethodProcessor.java:139)
	at org.springframework.web.method.support.HandlerMethodArgumentResolverComposite.resolveArgument(HandlerMethodArgumentResolverComposite.java:127)
	at org.springframework.web.method.support.InvocableHandlerMethod.getMethodArgumentValues(InvocableHandlerMethod.java:167)
	at org.springframework.web.method.support.InvocableHandlerMethod.invokeForRequest(InvocableHandlerMethod.java:134)
	at org.springframework.web.servlet.mvc.method.annotation.ServletInvocableHandlerMethod.invokeAndHandle(ServletInvocableHandlerMethod.java:104)
	at org.springframework.web.servlet.mvc.method.annotation.RequestMappingHandlerAdapter.invokeHandlerMethod(RequestMappingHandlerAdapter.java:892)
	at org.springframework.web.servlet.mvc.method.annotation.RequestMappingHandlerAdapter.handleInternal(RequestMappingHandlerAdapter.java:797)
	at org.springframework.web.servlet.mvc.method.AbstractHandlerMethodAdapter.handle(AbstractHandlerMethodAdapter.java:87)
	at org.springframework.web.servlet.DispatcherServlet.doDispatch(DispatcherServlet.java:1039)
	at org.springframework.web.servlet.DispatcherServlet.doService(DispatcherServlet.java:942)
	at org.springframework.web.servlet.FrameworkServlet.processRequest(FrameworkServlet.java:1005)
	at org.springframework.web.servlet.FrameworkServlet.doPost(FrameworkServlet.java:908)
	at javax.servlet.http.HttpServlet.service(HttpServlet.java:660)
	at org.springframework.web.servlet.FrameworkServlet.service(FrameworkServlet.java:882)
	at javax.servlet.http.HttpServlet.service(HttpServlet.java:741)
	at org.apache.catalina.core.ApplicationFilterChain.internalDoFilter(ApplicationFilterChain.java:231)
	at org.apache.catalina.core.ApplicationFilterChain.doFilter(ApplicationFilterChain.java:166)
	at org.apache.tomcat.websocket.server.WsFilter.doFilter(WsFilter.java:53)
	at org.apache.catalina.core.ApplicationFilterChain.internalDoFilter(ApplicationFilterChain.java:193)
	at org.apache.catalina.core.ApplicationFilterChain.doFilter(ApplicationFilterChain.java:166)
	at org.apache.shiro.web.servlet.AbstractShiroFilter.executeChain(AbstractShiroFilter.java:449)
	at org.apache.shiro.web.servlet.AbstractShiroFilter$1.call(AbstractShiroFilter.java:365)
	at org.apache.shiro.subject.support.SubjectCallable.doCall(SubjectCallable.java:90)
	at org.apache.shiro.subject.support.SubjectCallable.call(SubjectCallable.java:83)
	at org.apache.shiro.subject.support.DelegatingSubject.execute(DelegatingSubject.java:387)
	at org.apache.shiro.web.servlet.AbstractShiroFilter.doFilterInternal(AbstractShiroFilter.java:362)
	at org.apache.shiro.web.servlet.OncePerRequestFilter.doFilter(OncePerRequestFilter.java:125)
	at org.apache.catalina.core.ApplicationFilterChain.internalDoFilter(ApplicationFilterChain.java:193)
	at org.apache.catalina.core.ApplicationFilterChain.doFilter(ApplicationFilterChain.java:166)
	at org.springframework.web.filter.RequestContextFilter.doFilterInternal(RequestContextFilter.java:99)
	at org.springframework.web.filter.OncePerRequestFilter.doFilter(OncePerRequestFilter.java:118)
	at org.apache.catalina.core.ApplicationFilterChain.internalDoFilter(ApplicationFilterChain.java:193)
	at org.apache.catalina.core.ApplicationFilterChain.doFilter(ApplicationFilterChain.java:166)
	at org.springframework.web.filter.FormContentFilter.doFilterInternal(FormContentFilter.java:92)
	at org.springframework.web.filter.OncePerRequestFilter.doFilter(OncePerRequestFilter.java:118)
	at org.apache.catalina.core.ApplicationFilterChain.internalDoFilter(ApplicationFilterChain.java:193)
	at org.apache.catalina.core.ApplicationFilterChain.doFilter(ApplicationFilterChain.java:166)
	at org.springframework.web.filter.HiddenHttpMethodFilter.doFilterInternal(HiddenHttpMethodFilter.java:93)
	at org.springframework.web.filter.OncePerRequestFilter.doFilter(OncePerRequestFilter.java:118)
	at org.apache.catalina.core.ApplicationFilterChain.internalDoFilter(ApplicationFilterChain.java:193)
	at org.apache.catalina.core.ApplicationFilterChain.doFilter(ApplicationFilterChain.java:166)
	at org.springframework.web.filter.CharacterEncodingFilter.doFilterInternal(CharacterEncodingFilter.java:200)
	at org.springframework.web.filter.OncePerRequestFilter.doFilter(OncePerRequestFilter.java:118)
	at org.apache.catalina.core.ApplicationFilterChain.internalDoFilter(ApplicationFilterChain.java:193)
	at org.apache.catalina.core.ApplicationFilterChain.doFilter(ApplicationFilterChain.java:166)
	at org.apache.catalina.core.StandardWrapperValve.invoke(StandardWrapperValve.java:202)
	at org.apache.catalina.core.StandardContextValve.invoke(StandardContextValve.java:96)
	at org.apache.catalina.authenticator.AuthenticatorBase.invoke(AuthenticatorBase.java:526)
	at org.apache.catalina.core.StandardHostValve.invoke(StandardHostValve.java:139)
	at org.apache.catalina.valves.ErrorReportValve.invoke(ErrorReportValve.java:92)
	at org.apache.catalina.core.StandardEngineValve.invoke(StandardEngineValve.java:74)
	at org.apache.catalina.connector.CoyoteAdapter.service(CoyoteAdapter.java:343)
	at org.apache.coyote.http11.Http11Processor.service(Http11Processor.java:408)
	at org.apache.coyote.AbstractProcessorLight.process(AbstractProcessorLight.java:66)
	at org.apache.coyote.AbstractProtocol$ConnectionHandler.process(AbstractProtocol.java:860)
	at org.apache.tomcat.util.net.NioEndpoint$SocketProcessor.doRun(NioEndpoint.java:1587)
	at org.apache.tomcat.util.net.SocketProcessorBase.run(SocketProcessorBase.java:49)
	at java.util.concurrent.ThreadPoolExecutor.runWorker(ThreadPoolExecutor.java:1149)
	at java.util.concurrent.ThreadPoolExecutor$Worker.run(ThreadPoolExecutor.java:624)
	at org.apache.tomcat.util.threads.TaskThread$WrappingRunnable.run(TaskThread.java:61)
	at java.lang.Thread.run(Thread.java:748)
Caused by: java.lang.NoSuchMethodException: org.springframework.http.HttpRequest.<init>()
	at java.lang.Class.getConstructor0(Class.java:3082)
	at java.lang.Class.getDeclaredConstructor(Class.java:2178)
	at org.springframework.web.method.annotation.ModelAttributeMethodProcessor.createAttribute(ModelAttributeMethodProcessor.java:216)
	... 62 common frames omitted
2019-10-25 16:09:13,622 INFO (StartupInfoLogger.java:50)- Starting CsdjApplication on LAPTOP-PB20U6AE with PID 8700 (C:\Users\Lenovo\Desktop\dj\target\classes started by Lenovo in C:\Users\Lenovo\Desktop\dj)
2019-10-25 16:09:13,630 DEBUG (StartupInfoLogger.java:53)- Running with Spring Boot v2.1.9.RELEASE, Spring v5.1.9.RELEASE
2019-10-25 16:09:13,631 INFO (SpringApplication.java:648)- No active profile set, falling back to default profiles: default
2019-10-25 16:09:20,226 INFO (StartupInfoLogger.java:59)- Started CsdjApplication in 7.794 seconds (JVM running for 9.749)
2019-10-25 16:09:24,444 ERROR (BaseController.java:152)- 缺少请求参数
org.springframework.web.bind.MissingServletRequestParameterException: Required Note parameter 'note' is not present
	at org.springframework.web.method.annotation.RequestParamMethodArgumentResolver.handleMissingValue(RequestParamMethodArgumentResolver.java:202)
	at org.springframework.web.method.annotation.AbstractNamedValueMethodArgumentResolver.resolveArgument(AbstractNamedValueMethodArgumentResolver.java:113)
	at org.springframework.web.method.support.HandlerMethodArgumentResolverComposite.resolveArgument(HandlerMethodArgumentResolverComposite.java:127)
	at org.springframework.web.method.support.InvocableHandlerMethod.getMethodArgumentValues(InvocableHandlerMethod.java:167)
	at org.springframework.web.method.support.InvocableHandlerMethod.invokeForRequest(InvocableHandlerMethod.java:134)
	at org.springframework.web.servlet.mvc.method.annotation.ServletInvocableHandlerMethod.invokeAndHandle(ServletInvocableHandlerMethod.java:104)
	at org.springframework.web.servlet.mvc.method.annotation.RequestMappingHandlerAdapter.invokeHandlerMethod(RequestMappingHandlerAdapter.java:892)
	at org.springframework.web.servlet.mvc.method.annotation.RequestMappingHandlerAdapter.handleInternal(RequestMappingHandlerAdapter.java:797)
	at org.springframework.web.servlet.mvc.method.AbstractHandlerMethodAdapter.handle(AbstractHandlerMethodAdapter.java:87)
	at org.springframework.web.servlet.DispatcherServlet.doDispatch(DispatcherServlet.java:1039)
	at org.springframework.web.servlet.DispatcherServlet.doService(DispatcherServlet.java:942)
	at org.springframework.web.servlet.FrameworkServlet.processRequest(FrameworkServlet.java:1005)
	at org.springframework.web.servlet.FrameworkServlet.doGet(FrameworkServlet.java:897)
	at javax.servlet.http.HttpServlet.service(HttpServlet.java:634)
	at org.springframework.web.servlet.FrameworkServlet.service(FrameworkServlet.java:882)
	at javax.servlet.http.HttpServlet.service(HttpServlet.java:741)
	at org.apache.catalina.core.ApplicationFilterChain.internalDoFilter(ApplicationFilterChain.java:231)
	at org.apache.catalina.core.ApplicationFilterChain.doFilter(ApplicationFilterChain.java:166)
	at org.apache.tomcat.websocket.server.WsFilter.doFilter(WsFilter.java:53)
	at org.apache.catalina.core.ApplicationFilterChain.internalDoFilter(ApplicationFilterChain.java:193)
	at org.apache.catalina.core.ApplicationFilterChain.doFilter(ApplicationFilterChain.java:166)
	at org.apache.shiro.web.servlet.AbstractShiroFilter.executeChain(AbstractShiroFilter.java:449)
	at org.apache.shiro.web.servlet.AbstractShiroFilter$1.call(AbstractShiroFilter.java:365)
	at org.apache.shiro.subject.support.SubjectCallable.doCall(SubjectCallable.java:90)
	at org.apache.shiro.subject.support.SubjectCallable.call(SubjectCallable.java:83)
	at org.apache.shiro.subject.support.DelegatingSubject.execute(DelegatingSubject.java:387)
	at org.apache.shiro.web.servlet.AbstractShiroFilter.doFilterInternal(AbstractShiroFilter.java:362)
	at org.apache.shiro.web.servlet.OncePerRequestFilter.doFilter(OncePerRequestFilter.java:125)
	at org.apache.catalina.core.ApplicationFilterChain.internalDoFilter(ApplicationFilterChain.java:193)
	at org.apache.catalina.core.ApplicationFilterChain.doFilter(ApplicationFilterChain.java:166)
	at org.springframework.web.filter.RequestContextFilter.doFilterInternal(RequestContextFilter.java:99)
	at org.springframework.web.filter.OncePerRequestFilter.doFilter(OncePerRequestFilter.java:118)
	at org.apache.catalina.core.ApplicationFilterChain.internalDoFilter(ApplicationFilterChain.java:193)
	at org.apache.catalina.core.ApplicationFilterChain.doFilter(ApplicationFilterChain.java:166)
	at org.springframework.web.filter.FormContentFilter.doFilterInternal(FormContentFilter.java:92)
	at org.springframework.web.filter.OncePerRequestFilter.doFilter(OncePerRequestFilter.java:118)
	at org.apache.catalina.core.ApplicationFilterChain.internalDoFilter(ApplicationFilterChain.java:193)
	at org.apache.catalina.core.ApplicationFilterChain.doFilter(ApplicationFilterChain.java:166)
	at org.springframework.web.filter.HiddenHttpMethodFilter.doFilterInternal(HiddenHttpMethodFilter.java:93)
	at org.springframework.web.filter.OncePerRequestFilter.doFilter(OncePerRequestFilter.java:118)
	at org.apache.catalina.core.ApplicationFilterChain.internalDoFilter(ApplicationFilterChain.java:193)
	at org.apache.catalina.core.ApplicationFilterChain.doFilter(ApplicationFilterChain.java:166)
	at org.springframework.web.filter.CharacterEncodingFilter.doFilterInternal(CharacterEncodingFilter.java:200)
	at org.springframework.web.filter.OncePerRequestFilter.doFilter(OncePerRequestFilter.java:118)
	at org.apache.catalina.core.ApplicationFilterChain.internalDoFilter(ApplicationFilterChain.java:193)
	at org.apache.catalina.core.ApplicationFilterChain.doFilter(ApplicationFilterChain.java:166)
	at org.apache.catalina.core.StandardWrapperValve.invoke(StandardWrapperValve.java:202)
	at org.apache.catalina.core.StandardContextValve.invoke(StandardContextValve.java:96)
	at org.apache.catalina.authenticator.AuthenticatorBase.invoke(AuthenticatorBase.java:526)
	at org.apache.catalina.core.StandardHostValve.invoke(StandardHostValve.java:139)
	at org.apache.catalina.valves.ErrorReportValve.invoke(ErrorReportValve.java:92)
	at org.apache.catalina.core.StandardEngineValve.invoke(StandardEngineValve.java:74)
	at org.apache.catalina.connector.CoyoteAdapter.service(CoyoteAdapter.java:343)
	at org.apache.coyote.http11.Http11Processor.service(Http11Processor.java:408)
	at org.apache.coyote.AbstractProcessorLight.process(AbstractProcessorLight.java:66)
	at org.apache.coyote.AbstractProtocol$ConnectionHandler.process(AbstractProtocol.java:860)
	at org.apache.tomcat.util.net.NioEndpoint$SocketProcessor.doRun(NioEndpoint.java:1587)
	at org.apache.tomcat.util.net.SocketProcessorBase.run(SocketProcessorBase.java:49)
	at java.util.concurrent.ThreadPoolExecutor.runWorker(ThreadPoolExecutor.java:1149)
	at java.util.concurrent.ThreadPoolExecutor$Worker.run(ThreadPoolExecutor.java:624)
	at org.apache.tomcat.util.threads.TaskThread$WrappingRunnable.run(TaskThread.java:61)
	at java.lang.Thread.run(Thread.java:748)
2019-10-25 16:09:27,671 INFO (MemberServiceImpl.java:11)- 添加了一个党员
2019-10-25 16:09:35,109 ERROR (BaseController.java:152)- 缺少请求参数
org.springframework.web.bind.MissingServletRequestParameterException: Required Note parameter 'note' is not present
	at org.springframework.web.method.annotation.RequestParamMethodArgumentResolver.handleMissingValue(RequestParamMethodArgumentResolver.java:202)
	at org.springframework.web.method.annotation.AbstractNamedValueMethodArgumentResolver.resolveArgument(AbstractNamedValueMethodArgumentResolver.java:113)
	at org.springframework.web.method.support.HandlerMethodArgumentResolverComposite.resolveArgument(HandlerMethodArgumentResolverComposite.java:127)
	at org.springframework.web.method.support.InvocableHandlerMethod.getMethodArgumentValues(InvocableHandlerMethod.java:167)
	at org.springframework.web.method.support.InvocableHandlerMethod.invokeForRequest(InvocableHandlerMethod.java:134)
	at org.springframework.web.servlet.mvc.method.annotation.ServletInvocableHandlerMethod.invokeAndHandle(ServletInvocableHandlerMethod.java:104)
	at org.springframework.web.servlet.mvc.method.annotation.RequestMappingHandlerAdapter.invokeHandlerMethod(RequestMappingHandlerAdapter.java:892)
	at org.springframework.web.servlet.mvc.method.annotation.RequestMappingHandlerAdapter.handleInternal(RequestMappingHandlerAdapter.java:797)
	at org.springframework.web.servlet.mvc.method.AbstractHandlerMethodAdapter.handle(AbstractHandlerMethodAdapter.java:87)
	at org.springframework.web.servlet.DispatcherServlet.doDispatch(DispatcherServlet.java:1039)
	at org.springframework.web.servlet.DispatcherServlet.doService(DispatcherServlet.java:942)
	at org.springframework.web.servlet.FrameworkServlet.processRequest(FrameworkServlet.java:1005)
	at org.springframework.web.servlet.FrameworkServlet.doPost(FrameworkServlet.java:908)
	at javax.servlet.http.HttpServlet.service(HttpServlet.java:660)
	at org.springframework.web.servlet.FrameworkServlet.service(FrameworkServlet.java:882)
	at javax.servlet.http.HttpServlet.service(HttpServlet.java:741)
	at org.apache.catalina.core.ApplicationFilterChain.internalDoFilter(ApplicationFilterChain.java:231)
	at org.apache.catalina.core.ApplicationFilterChain.doFilter(ApplicationFilterChain.java:166)
	at org.apache.tomcat.websocket.server.WsFilter.doFilter(WsFilter.java:53)
	at org.apache.catalina.core.ApplicationFilterChain.internalDoFilter(ApplicationFilterChain.java:193)
	at org.apache.catalina.core.ApplicationFilterChain.doFilter(ApplicationFilterChain.java:166)
	at org.apache.shiro.web.servlet.AbstractShiroFilter.executeChain(AbstractShiroFilter.java:449)
	at org.apache.shiro.web.servlet.AbstractShiroFilter$1.call(AbstractShiroFilter.java:365)
	at org.apache.shiro.subject.support.SubjectCallable.doCall(SubjectCallable.java:90)
	at org.apache.shiro.subject.support.SubjectCallable.call(SubjectCallable.java:83)
	at org.apache.shiro.subject.support.DelegatingSubject.execute(DelegatingSubject.java:387)
	at org.apache.shiro.web.servlet.AbstractShiroFilter.doFilterInternal(AbstractShiroFilter.java:362)
	at org.apache.shiro.web.servlet.OncePerRequestFilter.doFilter(OncePerRequestFilter.java:125)
	at org.apache.catalina.core.ApplicationFilterChain.internalDoFilter(ApplicationFilterChain.java:193)
	at org.apache.catalina.core.ApplicationFilterChain.doFilter(ApplicationFilterChain.java:166)
	at org.springframework.web.filter.RequestContextFilter.doFilterInternal(RequestContextFilter.java:99)
	at org.springframework.web.filter.OncePerRequestFilter.doFilter(OncePerRequestFilter.java:118)
	at org.apache.catalina.core.ApplicationFilterChain.internalDoFilter(ApplicationFilterChain.java:193)
	at org.apache.catalina.core.ApplicationFilterChain.doFilter(ApplicationFilterChain.java:166)
	at org.springframework.web.filter.FormContentFilter.doFilterInternal(FormContentFilter.java:92)
	at org.springframework.web.filter.OncePerRequestFilter.doFilter(OncePerRequestFilter.java:118)
	at org.apache.catalina.core.ApplicationFilterChain.internalDoFilter(ApplicationFilterChain.java:193)
	at org.apache.catalina.core.ApplicationFilterChain.doFilter(ApplicationFilterChain.java:166)
	at org.springframework.web.filter.HiddenHttpMethodFilter.doFilterInternal(HiddenHttpMethodFilter.java:93)
	at org.springframework.web.filter.OncePerRequestFilter.doFilter(OncePerRequestFilter.java:118)
	at org.apache.catalina.core.ApplicationFilterChain.internalDoFilter(ApplicationFilterChain.java:193)
	at org.apache.catalina.core.ApplicationFilterChain.doFilter(ApplicationFilterChain.java:166)
	at org.springframework.web.filter.CharacterEncodingFilter.doFilterInternal(CharacterEncodingFilter.java:200)
	at org.springframework.web.filter.OncePerRequestFilter.doFilter(OncePerRequestFilter.java:118)
	at org.apache.catalina.core.ApplicationFilterChain.internalDoFilter(ApplicationFilterChain.java:193)
	at org.apache.catalina.core.ApplicationFilterChain.doFilter(ApplicationFilterChain.java:166)
	at org.apache.catalina.core.StandardWrapperValve.invoke(StandardWrapperValve.java:202)
	at org.apache.catalina.core.StandardContextValve.invoke(StandardContextValve.java:96)
	at org.apache.catalina.authenticator.AuthenticatorBase.invoke(AuthenticatorBase.java:526)
	at org.apache.catalina.core.StandardHostValve.invoke(StandardHostValve.java:139)
	at org.apache.catalina.valves.ErrorReportValve.invoke(ErrorReportValve.java:92)
	at org.apache.catalina.core.StandardEngineValve.invoke(StandardEngineValve.java:74)
	at org.apache.catalina.connector.CoyoteAdapter.service(CoyoteAdapter.java:343)
	at org.apache.coyote.http11.Http11Processor.service(Http11Processor.java:408)
	at org.apache.coyote.AbstractProcessorLight.process(AbstractProcessorLight.java:66)
	at org.apache.coyote.AbstractProtocol$ConnectionHandler.process(AbstractProtocol.java:860)
	at org.apache.tomcat.util.net.NioEndpoint$SocketProcessor.doRun(NioEndpoint.java:1587)
	at org.apache.tomcat.util.net.SocketProcessorBase.run(SocketProcessorBase.java:49)
	at java.util.concurrent.ThreadPoolExecutor.runWorker(ThreadPoolExecutor.java:1149)
	at java.util.concurrent.ThreadPoolExecutor$Worker.run(ThreadPoolExecutor.java:624)
	at org.apache.tomcat.util.threads.TaskThread$WrappingRunnable.run(TaskThread.java:61)
	at java.lang.Thread.run(Thread.java:748)
2019-10-25 16:10:31,462 INFO (StartupInfoLogger.java:50)- Starting CsdjApplication on LAPTOP-PB20U6AE with PID 9896 (C:\Users\Lenovo\Desktop\dj\target\classes started by Lenovo in C:\Users\Lenovo\Desktop\dj)
2019-10-25 16:10:31,468 DEBUG (StartupInfoLogger.java:53)- Running with Spring Boot v2.1.9.RELEASE, Spring v5.1.9.RELEASE
2019-10-25 16:10:31,470 INFO (SpringApplication.java:648)- No active profile set, falling back to default profiles: default
2019-10-25 16:10:38,875 INFO (StartupInfoLogger.java:59)- Started CsdjApplication in 8.241 seconds (JVM running for 10.197)
2019-10-25 16:10:44,358 INFO (MemberServiceImpl.java:11)- 添加了一个党员
2019-10-25 16:10:50,339 ERROR (BaseController.java:282)- 系统异常:Failed to convert value of type 'java.lang.String' to required type 'com.example.csdj.member.entity.Note'; nested exception is java.lang.IllegalStateException: Cannot convert value of type 'java.lang.String' to required type 'com.example.csdj.member.entity.Note': no matching editors or conversion strategy found
org.springframework.web.method.annotation.MethodArgumentConversionNotSupportedException: Failed to convert value of type 'java.lang.String' to required type 'com.example.csdj.member.entity.Note'; nested exception is java.lang.IllegalStateException: Cannot convert value of type 'java.lang.String' to required type 'com.example.csdj.member.entity.Note': no matching editors or conversion strategy found
	at org.springframework.web.method.annotation.AbstractNamedValueMethodArgumentResolver.resolveArgument(AbstractNamedValueMethodArgumentResolver.java:128)
	at org.springframework.web.method.support.HandlerMethodArgumentResolverComposite.resolveArgument(HandlerMethodArgumentResolverComposite.java:127)
	at org.springframework.web.method.support.InvocableHandlerMethod.getMethodArgumentValues(InvocableHandlerMethod.java:167)
	at org.springframework.web.method.support.InvocableHandlerMethod.invokeForRequest(InvocableHandlerMethod.java:134)
	at org.springframework.web.servlet.mvc.method.annotation.ServletInvocableHandlerMethod.invokeAndHandle(ServletInvocableHandlerMethod.java:104)
	at org.springframework.web.servlet.mvc.method.annotation.RequestMappingHandlerAdapter.invokeHandlerMethod(RequestMappingHandlerAdapter.java:892)
	at org.springframework.web.servlet.mvc.method.annotation.RequestMappingHandlerAdapter.handleInternal(RequestMappingHandlerAdapter.java:797)
	at org.springframework.web.servlet.mvc.method.AbstractHandlerMethodAdapter.handle(AbstractHandlerMethodAdapter.java:87)
	at org.springframework.web.servlet.DispatcherServlet.doDispatch(DispatcherServlet.java:1039)
	at org.springframework.web.servlet.DispatcherServlet.doService(DispatcherServlet.java:942)
	at org.springframework.web.servlet.FrameworkServlet.processRequest(FrameworkServlet.java:1005)
	at org.springframework.web.servlet.FrameworkServlet.doPost(FrameworkServlet.java:908)
	at javax.servlet.http.HttpServlet.service(HttpServlet.java:660)
	at org.springframework.web.servlet.FrameworkServlet.service(FrameworkServlet.java:882)
	at javax.servlet.http.HttpServlet.service(HttpServlet.java:741)
	at org.apache.catalina.core.ApplicationFilterChain.internalDoFilter(ApplicationFilterChain.java:231)
	at org.apache.catalina.core.ApplicationFilterChain.doFilter(ApplicationFilterChain.java:166)
	at org.apache.tomcat.websocket.server.WsFilter.doFilter(WsFilter.java:53)
	at org.apache.catalina.core.ApplicationFilterChain.internalDoFilter(ApplicationFilterChain.java:193)
	at org.apache.catalina.core.ApplicationFilterChain.doFilter(ApplicationFilterChain.java:166)
	at org.apache.shiro.web.servlet.AbstractShiroFilter.executeChain(AbstractShiroFilter.java:449)
	at org.apache.shiro.web.servlet.AbstractShiroFilter$1.call(AbstractShiroFilter.java:365)
	at org.apache.shiro.subject.support.SubjectCallable.doCall(SubjectCallable.java:90)
	at org.apache.shiro.subject.support.SubjectCallable.call(SubjectCallable.java:83)
	at org.apache.shiro.subject.support.DelegatingSubject.execute(DelegatingSubject.java:387)
	at org.apache.shiro.web.servlet.AbstractShiroFilter.doFilterInternal(AbstractShiroFilter.java:362)
	at org.apache.shiro.web.servlet.OncePerRequestFilter.doFilter(OncePerRequestFilter.java:125)
	at org.apache.catalina.core.ApplicationFilterChain.internalDoFilter(ApplicationFilterChain.java:193)
	at org.apache.catalina.core.ApplicationFilterChain.doFilter(ApplicationFilterChain.java:166)
	at org.springframework.web.filter.RequestContextFilter.doFilterInternal(RequestContextFilter.java:99)
	at org.springframework.web.filter.OncePerRequestFilter.doFilter(OncePerRequestFilter.java:118)
	at org.apache.catalina.core.ApplicationFilterChain.internalDoFilter(ApplicationFilterChain.java:193)
	at org.apache.catalina.core.ApplicationFilterChain.doFilter(ApplicationFilterChain.java:166)
	at org.springframework.web.filter.FormContentFilter.doFilterInternal(FormContentFilter.java:92)
	at org.springframework.web.filter.OncePerRequestFilter.doFilter(OncePerRequestFilter.java:118)
	at org.apache.catalina.core.ApplicationFilterChain.internalDoFilter(ApplicationFilterChain.java:193)
	at org.apache.catalina.core.ApplicationFilterChain.doFilter(ApplicationFilterChain.java:166)
	at org.springframework.web.filter.HiddenHttpMethodFilter.doFilterInternal(HiddenHttpMethodFilter.java:93)
	at org.springframework.web.filter.OncePerRequestFilter.doFilter(OncePerRequestFilter.java:118)
	at org.apache.catalina.core.ApplicationFilterChain.internalDoFilter(ApplicationFilterChain.java:193)
	at org.apache.catalina.core.ApplicationFilterChain.doFilter(ApplicationFilterChain.java:166)
	at org.springframework.web.filter.CharacterEncodingFilter.doFilterInternal(CharacterEncodingFilter.java:200)
	at org.springframework.web.filter.OncePerRequestFilter.doFilter(OncePerRequestFilter.java:118)
	at org.apache.catalina.core.ApplicationFilterChain.internalDoFilter(ApplicationFilterChain.java:193)
	at org.apache.catalina.core.ApplicationFilterChain.doFilter(ApplicationFilterChain.java:166)
	at org.apache.catalina.core.StandardWrapperValve.invoke(StandardWrapperValve.java:202)
	at org.apache.catalina.core.StandardContextValve.invoke(StandardContextValve.java:96)
	at org.apache.catalina.authenticator.AuthenticatorBase.invoke(AuthenticatorBase.java:526)
	at org.apache.catalina.core.StandardHostValve.invoke(StandardHostValve.java:139)
	at org.apache.catalina.valves.ErrorReportValve.invoke(ErrorReportValve.java:92)
	at org.apache.catalina.core.StandardEngineValve.invoke(StandardEngineValve.java:74)
	at org.apache.catalina.connector.CoyoteAdapter.service(CoyoteAdapter.java:343)
	at org.apache.coyote.http11.Http11Processor.service(Http11Processor.java:408)
	at org.apache.coyote.AbstractProcessorLight.process(AbstractProcessorLight.java:66)
	at org.apache.coyote.AbstractProtocol$ConnectionHandler.process(AbstractProtocol.java:860)
	at org.apache.tomcat.util.net.NioEndpoint$SocketProcessor.doRun(NioEndpoint.java:1587)
	at org.apache.tomcat.util.net.SocketProcessorBase.run(SocketProcessorBase.java:49)
	at java.util.concurrent.ThreadPoolExecutor.runWorker(ThreadPoolExecutor.java:1149)
	at java.util.concurrent.ThreadPoolExecutor$Worker.run(ThreadPoolExecutor.java:624)
	at org.apache.tomcat.util.threads.TaskThread$WrappingRunnable.run(TaskThread.java:61)
	at java.lang.Thread.run(Thread.java:748)
Caused by: java.lang.IllegalStateException: Cannot convert value of type 'java.lang.String' to required type 'com.example.csdj.member.entity.Note': no matching editors or conversion strategy found
	at org.springframework.beans.TypeConverterDelegate.convertIfNecessary(TypeConverterDelegate.java:262)
	at org.springframework.beans.TypeConverterSupport.convertIfNecessary(TypeConverterSupport.java:73)
	at org.springframework.beans.TypeConverterSupport.convertIfNecessary(TypeConverterSupport.java:53)
	at org.springframework.validation.DataBinder.convertIfNecessary(DataBinder.java:693)
	at org.springframework.web.method.annotation.AbstractNamedValueMethodArgumentResolver.resolveArgument(AbstractNamedValueMethodArgumentResolver.java:124)
	... 60 common frames omitted
2019-10-25 16:19:45,194 INFO (StartupInfoLogger.java:50)- Starting CsdjApplication on LAPTOP-PB20U6AE with PID 1352 (C:\Users\Lenovo\Desktop\dj\target\classes started by Lenovo in C:\Users\Lenovo\Desktop\dj)
2019-10-25 16:19:45,201 DEBUG (StartupInfoLogger.java:53)- Running with Spring Boot v2.1.9.RELEASE, Spring v5.1.9.RELEASE
2019-10-25 16:19:45,202 INFO (SpringApplication.java:648)- No active profile set, falling back to default profiles: default
2019-10-25 16:19:52,094 INFO (StartupInfoLogger.java:59)- Started CsdjApplication in 8.095 seconds (JVM running for 10.142)
2019-10-25 16:20:52,476 INFO (MemberServiceImpl.java:11)- 添加了一个党员
2019-10-25 16:26:43,431 INFO (StartupInfoLogger.java:50)- Starting CsdjApplication on LAPTOP-PB20U6AE with PID 20088 (C:\Users\Lenovo\Desktop\dj\target\classes started by Lenovo in C:\Users\Lenovo\Desktop\dj)
2019-10-25 16:26:43,438 DEBUG (StartupInfoLogger.java:53)- Running with Spring Boot v2.1.9.RELEASE, Spring v5.1.9.RELEASE
2019-10-25 16:26:43,439 INFO (SpringApplication.java:648)- No active profile set, falling back to default profiles: default
2019-10-25 16:26:50,371 INFO (StartupInfoLogger.java:59)- Started CsdjApplication in 7.909 seconds (JVM running for 9.658)
2019-10-25 16:27:03,415 INFO (MemberServiceImpl.java:11)- 添加了一个党员
2019-10-25 16:30:16,247 INFO (StartupInfoLogger.java:50)- Starting CsdjApplication on LAPTOP-PB20U6AE with PID 11680 (C:\Users\Lenovo\Desktop\dj\target\classes started by Lenovo in C:\Users\Lenovo\Desktop\dj)
2019-10-25 16:30:16,255 DEBUG (StartupInfoLogger.java:53)- Running with Spring Boot v2.1.9.RELEASE, Spring v5.1.9.RELEASE
2019-10-25 16:30:16,255 INFO (SpringApplication.java:648)- No active profile set, falling back to default profiles: default
2019-10-25 16:30:22,772 INFO (StartupInfoLogger.java:59)- Started CsdjApplication in 7.523 seconds (JVM running for 9.167)
2019-10-25 16:30:29,562 INFO (MemberServiceImpl.java:11)- 添加了一个党员
2019-10-25 16:38:47,819 INFO (StartupInfoLogger.java:50)- Starting CsdjApplication on LAPTOP-PB20U6AE with PID 7888 (C:\Users\Lenovo\Desktop\dj\target\classes started by Lenovo in C:\Users\Lenovo\Desktop\dj)
2019-10-25 16:38:47,826 DEBUG (StartupInfoLogger.java:53)- Running with Spring Boot v2.1.9.RELEASE, Spring v5.1.9.RELEASE
2019-10-25 16:38:47,828 INFO (SpringApplication.java:648)- No active profile set, falling back to default profiles: default
2019-10-25 16:38:53,944 INFO (StartupInfoLogger.java:59)- Started CsdjApplication in 7.079 seconds (JVM running for 8.882)
2019-10-25 16:38:59,310 INFO (MemberServiceImpl.java:11)- 添加了一个党员
2019-10-25 16:39:43,084 INFO (StartupInfoLogger.java:50)- Starting CsdjApplication on LAPTOP-PB20U6AE with PID 17924 (C:\Users\Lenovo\Desktop\dj\target\classes started by Lenovo in C:\Users\Lenovo\Desktop\dj)
2019-10-25 16:39:43,100 DEBUG (StartupInfoLogger.java:53)- Running with Spring Boot v2.1.9.RELEASE, Spring v5.1.9.RELEASE
2019-10-25 16:39:43,100 INFO (SpringApplication.java:648)- No active profile set, falling back to default profiles: default
2019-10-25 16:39:49,069 INFO (StartupInfoLogger.java:59)- Started CsdjApplication in 6.886 seconds (JVM running for 8.464)
2019-10-25 16:39:53,839 INFO (MemberServiceImpl.java:11)- 添加了一个党员
2019-10-25 16:43:42,344 INFO (StartupInfoLogger.java:50)- Starting CsdjApplication on LAPTOP-PB20U6AE with PID 8184 (C:\Users\Lenovo\Desktop\dj\target\classes started by Lenovo in C:\Users\Lenovo\Desktop\dj)
2019-10-25 16:43:42,350 DEBUG (StartupInfoLogger.java:53)- Running with Spring Boot v2.1.9.RELEASE, Spring v5.1.9.RELEASE
2019-10-25 16:43:42,351 INFO (SpringApplication.java:648)- No active profile set, falling back to default profiles: default
2019-10-25 16:43:48,811 INFO (StartupInfoLogger.java:59)- Started CsdjApplication in 7.388 seconds (JVM running for 9.007)
2019-10-25 16:43:54,762 INFO (MemberServiceImpl.java:11)- 添加了一个党员
2019-10-25 16:44:34,832 INFO (StartupInfoLogger.java:50)- Starting CsdjApplication on LAPTOP-PB20U6AE with PID 4296 (C:\Users\Lenovo\Desktop\dj\target\classes started by Lenovo in C:\Users\Lenovo\Desktop\dj)
2019-10-25 16:44:34,839 DEBUG (StartupInfoLogger.java:53)- Running with Spring Boot v2.1.9.RELEASE, Spring v5.1.9.RELEASE
2019-10-25 16:44:34,840 INFO (SpringApplication.java:648)- No active profile set, falling back to default profiles: default
2019-10-25 16:44:41,154 INFO (StartupInfoLogger.java:59)- Started CsdjApplication in 7.212 seconds (JVM running for 8.837)
2019-10-25 16:44:45,078 INFO (MemberServiceImpl.java:11)- 添加了一个党员
2019-10-25 16:53:07,248 INFO (StartupInfoLogger.java:50)- Starting CsdjApplication on LAPTOP-PB20U6AE with PID 10068 (C:\Users\Lenovo\Desktop\dj\target\classes started by Lenovo in C:\Users\Lenovo\Desktop\dj)
2019-10-25 16:53:07,256 DEBUG (StartupInfoLogger.java:53)- Running with Spring Boot v2.1.9.RELEASE, Spring v5.1.9.RELEASE
2019-10-25 16:53:07,257 INFO (SpringApplication.java:648)- No active profile set, falling back to default profiles: default
2019-10-25 16:53:15,689 INFO (StartupInfoLogger.java:59)- Started CsdjApplication in 10.086 seconds (JVM running for 12.547)
2019-10-25 16:53:26,825 INFO (MemberServiceImpl.java:11)- 添加了一个党员
2019-10-25 17:16:34,539 INFO (StartupInfoLogger.java:50)- Starting CsdjApplication on LAPTOP-PB20U6AE with PID 8704 (C:\Users\Lenovo\Desktop\dj\target\classes started by Lenovo in C:\Users\Lenovo\Desktop\dj)
2019-10-25 17:16:34,544 DEBUG (StartupInfoLogger.java:53)- Running with Spring Boot v2.1.9.RELEASE, Spring v5.1.9.RELEASE
2019-10-25 17:16:34,545 INFO (SpringApplication.java:648)- No active profile set, falling back to default profiles: default
2019-10-25 17:16:40,555 INFO (StartupInfoLogger.java:59)- Started CsdjApplication in 6.964 seconds (JVM running for 8.647)
2019-10-25 17:17:14,940 INFO (MemberServiceImpl.java:11)- 添加了一个党员
2019-10-25 17:20:00,641 INFO (StartupInfoLogger.java:50)- Starting CsdjApplication on LAPTOP-PB20U6AE with PID 7004 (C:\Users\Lenovo\Desktop\dj\target\classes started by Lenovo in C:\Users\Lenovo\Desktop\dj)
2019-10-25 17:20:00,649 DEBUG (StartupInfoLogger.java:53)- Running with Spring Boot v2.1.9.RELEASE, Spring v5.1.9.RELEASE
2019-10-25 17:20:00,650 INFO (SpringApplication.java:648)- No active profile set, falling back to default profiles: default
2019-10-25 17:20:07,546 INFO (StartupInfoLogger.java:59)- Started CsdjApplication in 7.796 seconds (JVM running for 9.384)
2019-10-25 17:20:11,510 INFO (MemberServiceImpl.java:11)- 添加了一个党员
2019-10-25 17:23:22,816 INFO (StartupInfoLogger.java:50)- Starting CsdjApplication on LAPTOP-PB20U6AE with PID 3720 (C:\Users\Lenovo\Desktop\dj\target\classes started by Lenovo in C:\Users\Lenovo\Desktop\dj)
2019-10-25 17:23:22,825 DEBUG (StartupInfoLogger.java:53)- Running with Spring Boot v2.1.9.RELEASE, Spring v5.1.9.RELEASE
2019-10-25 17:23:22,826 INFO (SpringApplication.java:648)- No active profile set, falling back to default profiles: default
2019-10-25 17:23:29,038 INFO (StartupInfoLogger.java:59)- Started CsdjApplication in 7.285 seconds (JVM running for 9.015)
2019-10-25 17:23:33,160 INFO (MemberServiceImpl.java:11)- 添加了一个党员
2019-10-25 17:30:46,920 INFO (StartupInfoLogger.java:50)- Starting CsdjApplication on LAPTOP-PB20U6AE with PID 4892 (C:\Users\Lenovo\Desktop\dj\target\classes started by Lenovo in C:\Users\Lenovo\Desktop\dj)
2019-10-25 17:30:46,927 DEBUG (StartupInfoLogger.java:53)- Running with Spring Boot v2.1.9.RELEASE, Spring v5.1.9.RELEASE
2019-10-25 17:30:46,928 INFO (SpringApplication.java:648)- No active profile set, falling back to default profiles: default
2019-10-25 17:30:53,190 INFO (StartupInfoLogger.java:59)- Started CsdjApplication in 7.245 seconds (JVM running for 9.025)
2019-10-25 17:32:01,556 INFO (MemberServiceImpl.java:11)- 添加了一个党员
2019-10-25 17:32:09,500 ERROR (BaseController.java:282)- 系统异常:Failed to convert value of type 'java.lang.String' to required type 'com.example.csdj.member.entity.Note'; nested exception is java.lang.IllegalStateException: Cannot convert value of type 'java.lang.String' to required type 'com.example.csdj.member.entity.Note': no matching editors or conversion strategy found
org.springframework.web.method.annotation.MethodArgumentConversionNotSupportedException: Failed to convert value of type 'java.lang.String' to required type 'com.example.csdj.member.entity.Note'; nested exception is java.lang.IllegalStateException: Cannot convert value of type 'java.lang.String' to required type 'com.example.csdj.member.entity.Note': no matching editors or conversion strategy found
	at org.springframework.web.method.annotation.AbstractNamedValueMethodArgumentResolver.resolveArgument(AbstractNamedValueMethodArgumentResolver.java:128)
	at org.springframework.web.method.support.HandlerMethodArgumentResolverComposite.resolveArgument(HandlerMethodArgumentResolverComposite.java:127)
	at org.springframework.web.method.support.InvocableHandlerMethod.getMethodArgumentValues(InvocableHandlerMethod.java:167)
	at org.springframework.web.method.support.InvocableHandlerMethod.invokeForRequest(InvocableHandlerMethod.java:134)
	at org.springframework.web.servlet.mvc.method.annotation.ServletInvocableHandlerMethod.invokeAndHandle(ServletInvocableHandlerMethod.java:104)
	at org.springframework.web.servlet.mvc.method.annotation.RequestMappingHandlerAdapter.invokeHandlerMethod(RequestMappingHandlerAdapter.java:892)
	at org.springframework.web.servlet.mvc.method.annotation.RequestMappingHandlerAdapter.handleInternal(RequestMappingHandlerAdapter.java:797)
	at org.springframework.web.servlet.mvc.method.AbstractHandlerMethodAdapter.handle(AbstractHandlerMethodAdapter.java:87)
	at org.springframework.web.servlet.DispatcherServlet.doDispatch(DispatcherServlet.java:1039)
	at org.springframework.web.servlet.DispatcherServlet.doService(DispatcherServlet.java:942)
	at org.springframework.web.servlet.FrameworkServlet.processRequest(FrameworkServlet.java:1005)
	at org.springframework.web.servlet.FrameworkServlet.doPost(FrameworkServlet.java:908)
	at javax.servlet.http.HttpServlet.service(HttpServlet.java:660)
	at org.springframework.web.servlet.FrameworkServlet.service(FrameworkServlet.java:882)
	at javax.servlet.http.HttpServlet.service(HttpServlet.java:741)
	at org.apache.catalina.core.ApplicationFilterChain.internalDoFilter(ApplicationFilterChain.java:231)
	at org.apache.catalina.core.ApplicationFilterChain.doFilter(ApplicationFilterChain.java:166)
	at org.apache.tomcat.websocket.server.WsFilter.doFilter(WsFilter.java:53)
	at org.apache.catalina.core.ApplicationFilterChain.internalDoFilter(ApplicationFilterChain.java:193)
	at org.apache.catalina.core.ApplicationFilterChain.doFilter(ApplicationFilterChain.java:166)
	at org.apache.shiro.web.servlet.AbstractShiroFilter.executeChain(AbstractShiroFilter.java:449)
	at org.apache.shiro.web.servlet.AbstractShiroFilter$1.call(AbstractShiroFilter.java:365)
	at org.apache.shiro.subject.support.SubjectCallable.doCall(SubjectCallable.java:90)
	at org.apache.shiro.subject.support.SubjectCallable.call(SubjectCallable.java:83)
	at org.apache.shiro.subject.support.DelegatingSubject.execute(DelegatingSubject.java:387)
	at org.apache.shiro.web.servlet.AbstractShiroFilter.doFilterInternal(AbstractShiroFilter.java:362)
	at org.apache.shiro.web.servlet.OncePerRequestFilter.doFilter(OncePerRequestFilter.java:125)
	at org.apache.catalina.core.ApplicationFilterChain.internalDoFilter(ApplicationFilterChain.java:193)
	at org.apache.catalina.core.ApplicationFilterChain.doFilter(ApplicationFilterChain.java:166)
	at org.springframework.web.filter.RequestContextFilter.doFilterInternal(RequestContextFilter.java:99)
	at org.springframework.web.filter.OncePerRequestFilter.doFilter(OncePerRequestFilter.java:118)
	at org.apache.catalina.core.ApplicationFilterChain.internalDoFilter(ApplicationFilterChain.java:193)
	at org.apache.catalina.core.ApplicationFilterChain.doFilter(ApplicationFilterChain.java:166)
	at org.springframework.web.filter.FormContentFilter.doFilterInternal(FormContentFilter.java:92)
	at org.springframework.web.filter.OncePerRequestFilter.doFilter(OncePerRequestFilter.java:118)
	at org.apache.catalina.core.ApplicationFilterChain.internalDoFilter(ApplicationFilterChain.java:193)
	at org.apache.catalina.core.ApplicationFilterChain.doFilter(ApplicationFilterChain.java:166)
	at org.springframework.web.filter.HiddenHttpMethodFilter.doFilterInternal(HiddenHttpMethodFilter.java:93)
	at org.springframework.web.filter.OncePerRequestFilter.doFilter(OncePerRequestFilter.java:118)
	at org.apache.catalina.core.ApplicationFilterChain.internalDoFilter(ApplicationFilterChain.java:193)
	at org.apache.catalina.core.ApplicationFilterChain.doFilter(ApplicationFilterChain.java:166)
	at org.springframework.web.filter.CharacterEncodingFilter.doFilterInternal(CharacterEncodingFilter.java:200)
	at org.springframework.web.filter.OncePerRequestFilter.doFilter(OncePerRequestFilter.java:118)
	at org.apache.catalina.core.ApplicationFilterChain.internalDoFilter(ApplicationFilterChain.java:193)
	at org.apache.catalina.core.ApplicationFilterChain.doFilter(ApplicationFilterChain.java:166)
	at org.apache.catalina.core.StandardWrapperValve.invoke(StandardWrapperValve.java:202)
	at org.apache.catalina.core.StandardContextValve.invoke(StandardContextValve.java:96)
	at org.apache.catalina.authenticator.AuthenticatorBase.invoke(AuthenticatorBase.java:526)
	at org.apache.catalina.core.StandardHostValve.invoke(StandardHostValve.java:139)
	at org.apache.catalina.valves.ErrorReportValve.invoke(ErrorReportValve.java:92)
	at org.apache.catalina.core.StandardEngineValve.invoke(StandardEngineValve.java:74)
	at org.apache.catalina.connector.CoyoteAdapter.service(CoyoteAdapter.java:343)
	at org.apache.coyote.http11.Http11Processor.service(Http11Processor.java:408)
	at org.apache.coyote.AbstractProcessorLight.process(AbstractProcessorLight.java:66)
	at org.apache.coyote.AbstractProtocol$ConnectionHandler.process(AbstractProtocol.java:860)
	at org.apache.tomcat.util.net.NioEndpoint$SocketProcessor.doRun(NioEndpoint.java:1587)
	at org.apache.tomcat.util.net.SocketProcessorBase.run(SocketProcessorBase.java:49)
	at java.util.concurrent.ThreadPoolExecutor.runWorker(ThreadPoolExecutor.java:1149)
	at java.util.concurrent.ThreadPoolExecutor$Worker.run(ThreadPoolExecutor.java:624)
	at org.apache.tomcat.util.threads.TaskThread$WrappingRunnable.run(TaskThread.java:61)
	at java.lang.Thread.run(Thread.java:748)
Caused by: java.lang.IllegalStateException: Cannot convert value of type 'java.lang.String' to required type 'com.example.csdj.member.entity.Note': no matching editors or conversion strategy found
	at org.springframework.beans.TypeConverterDelegate.convertIfNecessary(TypeConverterDelegate.java:262)
	at org.springframework.beans.TypeConverterSupport.convertIfNecessary(TypeConverterSupport.java:73)
	at org.springframework.beans.TypeConverterSupport.convertIfNecessary(TypeConverterSupport.java:53)
	at org.springframework.validation.DataBinder.convertIfNecessary(DataBinder.java:693)
	at org.springframework.web.method.annotation.AbstractNamedValueMethodArgumentResolver.resolveArgument(AbstractNamedValueMethodArgumentResolver.java:124)
	... 60 common frames omitted
2019-10-25 17:32:37,637 INFO (StartupInfoLogger.java:50)- Starting CsdjApplication on LAPTOP-PB20U6AE with PID 17824 (C:\Users\Lenovo\Desktop\dj\target\classes started by Lenovo in C:\Users\Lenovo\Desktop\dj)
2019-10-25 17:32:37,644 DEBUG (StartupInfoLogger.java:53)- Running with Spring Boot v2.1.9.RELEASE, Spring v5.1.9.RELEASE
2019-10-25 17:32:37,645 INFO (SpringApplication.java:648)- No active profile set, falling back to default profiles: default
2019-10-25 17:32:44,318 INFO (StartupInfoLogger.java:59)- Started CsdjApplication in 7.604 seconds (JVM running for 9.131)
2019-10-25 17:32:44,471 INFO (MemberServiceImpl.java:11)- 添加了一个党员
2019-10-25 17:32:51,984 ERROR (BaseController.java:282)- 系统异常:Failed to convert value of type 'java.lang.String' to required type 'com.example.csdj.member.entity.Note'; nested exception is java.lang.IllegalStateException: Cannot convert value of type 'java.lang.String' to required type 'com.example.csdj.member.entity.Note': no matching editors or conversion strategy found
org.springframework.web.method.annotation.MethodArgumentConversionNotSupportedException: Failed to convert value of type 'java.lang.String' to required type 'com.example.csdj.member.entity.Note'; nested exception is java.lang.IllegalStateException: Cannot convert value of type 'java.lang.String' to required type 'com.example.csdj.member.entity.Note': no matching editors or conversion strategy found
	at org.springframework.web.method.annotation.AbstractNamedValueMethodArgumentResolver.resolveArgument(AbstractNamedValueMethodArgumentResolver.java:128)
	at org.springframework.web.method.support.HandlerMethodArgumentResolverComposite.resolveArgument(HandlerMethodArgumentResolverComposite.java:127)
	at org.springframework.web.method.support.InvocableHandlerMethod.getMethodArgumentValues(InvocableHandlerMethod.java:167)
	at org.springframework.web.method.support.InvocableHandlerMethod.invokeForRequest(InvocableHandlerMethod.java:134)
	at org.springframework.web.servlet.mvc.method.annotation.ServletInvocableHandlerMethod.invokeAndHandle(ServletInvocableHandlerMethod.java:104)
	at org.springframework.web.servlet.mvc.method.annotation.RequestMappingHandlerAdapter.invokeHandlerMethod(RequestMappingHandlerAdapter.java:892)
	at org.springframework.web.servlet.mvc.method.annotation.RequestMappingHandlerAdapter.handleInternal(RequestMappingHandlerAdapter.java:797)
	at org.springframework.web.servlet.mvc.method.AbstractHandlerMethodAdapter.handle(AbstractHandlerMethodAdapter.java:87)
	at org.springframework.web.servlet.DispatcherServlet.doDispatch(DispatcherServlet.java:1039)
	at org.springframework.web.servlet.DispatcherServlet.doService(DispatcherServlet.java:942)
	at org.springframework.web.servlet.FrameworkServlet.processRequest(FrameworkServlet.java:1005)
	at org.springframework.web.servlet.FrameworkServlet.doPost(FrameworkServlet.java:908)
	at javax.servlet.http.HttpServlet.service(HttpServlet.java:660)
	at org.springframework.web.servlet.FrameworkServlet.service(FrameworkServlet.java:882)
	at javax.servlet.http.HttpServlet.service(HttpServlet.java:741)
	at org.apache.catalina.core.ApplicationFilterChain.internalDoFilter(ApplicationFilterChain.java:231)
	at org.apache.catalina.core.ApplicationFilterChain.doFilter(ApplicationFilterChain.java:166)
	at org.apache.tomcat.websocket.server.WsFilter.doFilter(WsFilter.java:53)
	at org.apache.catalina.core.ApplicationFilterChain.internalDoFilter(ApplicationFilterChain.java:193)
	at org.apache.catalina.core.ApplicationFilterChain.doFilter(ApplicationFilterChain.java:166)
	at org.apache.shiro.web.servlet.AbstractShiroFilter.executeChain(AbstractShiroFilter.java:449)
	at org.apache.shiro.web.servlet.AbstractShiroFilter$1.call(AbstractShiroFilter.java:365)
	at org.apache.shiro.subject.support.SubjectCallable.doCall(SubjectCallable.java:90)
	at org.apache.shiro.subject.support.SubjectCallable.call(SubjectCallable.java:83)
	at org.apache.shiro.subject.support.DelegatingSubject.execute(DelegatingSubject.java:387)
	at org.apache.shiro.web.servlet.AbstractShiroFilter.doFilterInternal(AbstractShiroFilter.java:362)
	at org.apache.shiro.web.servlet.OncePerRequestFilter.doFilter(OncePerRequestFilter.java:125)
	at org.apache.catalina.core.ApplicationFilterChain.internalDoFilter(ApplicationFilterChain.java:193)
	at org.apache.catalina.core.ApplicationFilterChain.doFilter(ApplicationFilterChain.java:166)
	at org.springframework.web.filter.RequestContextFilter.doFilterInternal(RequestContextFilter.java:99)
	at org.springframework.web.filter.OncePerRequestFilter.doFilter(OncePerRequestFilter.java:118)
	at org.apache.catalina.core.ApplicationFilterChain.internalDoFilter(ApplicationFilterChain.java:193)
	at org.apache.catalina.core.ApplicationFilterChain.doFilter(ApplicationFilterChain.java:166)
	at org.springframework.web.filter.FormContentFilter.doFilterInternal(FormContentFilter.java:92)
	at org.springframework.web.filter.OncePerRequestFilter.doFilter(OncePerRequestFilter.java:118)
	at org.apache.catalina.core.ApplicationFilterChain.internalDoFilter(ApplicationFilterChain.java:193)
	at org.apache.catalina.core.ApplicationFilterChain.doFilter(ApplicationFilterChain.java:166)
	at org.springframework.web.filter.HiddenHttpMethodFilter.doFilterInternal(HiddenHttpMethodFilter.java:93)
	at org.springframework.web.filter.OncePerRequestFilter.doFilter(OncePerRequestFilter.java:118)
	at org.apache.catalina.core.ApplicationFilterChain.internalDoFilter(ApplicationFilterChain.java:193)
	at org.apache.catalina.core.ApplicationFilterChain.doFilter(ApplicationFilterChain.java:166)
	at org.springframework.web.filter.CharacterEncodingFilter.doFilterInternal(CharacterEncodingFilter.java:200)
	at org.springframework.web.filter.OncePerRequestFilter.doFilter(OncePerRequestFilter.java:118)
	at org.apache.catalina.core.ApplicationFilterChain.internalDoFilter(ApplicationFilterChain.java:193)
	at org.apache.catalina.core.ApplicationFilterChain.doFilter(ApplicationFilterChain.java:166)
	at org.apache.catalina.core.StandardWrapperValve.invoke(StandardWrapperValve.java:202)
	at org.apache.catalina.core.StandardContextValve.invoke(StandardContextValve.java:96)
	at org.apache.catalina.authenticator.AuthenticatorBase.invoke(AuthenticatorBase.java:526)
	at org.apache.catalina.core.StandardHostValve.invoke(StandardHostValve.java:139)
	at org.apache.catalina.valves.ErrorReportValve.invoke(ErrorReportValve.java:92)
	at org.apache.catalina.core.StandardEngineValve.invoke(StandardEngineValve.java:74)
	at org.apache.catalina.connector.CoyoteAdapter.service(CoyoteAdapter.java:343)
	at org.apache.coyote.http11.Http11Processor.service(Http11Processor.java:408)
	at org.apache.coyote.AbstractProcessorLight.process(AbstractProcessorLight.java:66)
	at org.apache.coyote.AbstractProtocol$ConnectionHandler.process(AbstractProtocol.java:860)
	at org.apache.tomcat.util.net.NioEndpoint$SocketProcessor.doRun(NioEndpoint.java:1587)
	at org.apache.tomcat.util.net.SocketProcessorBase.run(SocketProcessorBase.java:49)
	at java.util.concurrent.ThreadPoolExecutor.runWorker(ThreadPoolExecutor.java:1149)
	at java.util.concurrent.ThreadPoolExecutor$Worker.run(ThreadPoolExecutor.java:624)
	at org.apache.tomcat.util.threads.TaskThread$WrappingRunnable.run(TaskThread.java:61)
	at java.lang.Thread.run(Thread.java:748)
Caused by: java.lang.IllegalStateException: Cannot convert value of type 'java.lang.String' to required type 'com.example.csdj.member.entity.Note': no matching editors or conversion strategy found
	at org.springframework.beans.TypeConverterDelegate.convertIfNecessary(TypeConverterDelegate.java:262)
	at org.springframework.beans.TypeConverterSupport.convertIfNecessary(TypeConverterSupport.java:73)
	at org.springframework.beans.TypeConverterSupport.convertIfNecessary(TypeConverterSupport.java:53)
	at org.springframework.validation.DataBinder.convertIfNecessary(DataBinder.java:693)
	at org.springframework.web.method.annotation.AbstractNamedValueMethodArgumentResolver.resolveArgument(AbstractNamedValueMethodArgumentResolver.java:124)
	... 60 common frames omitted
