2019-10-23 09:46:40,933 INFO (StartupInfoLogger.java:50)- Starting CsdjApplication on LAPTOP-8R665O9N with PID 19416 (started by Administrator in D:\study\项目\源码\csdj)
2019-10-23 09:46:40,940 DEBUG (StartupInfoLogger.java:53)- Running with Spring Boot v2.1.9.RELEASE, Spring v5.1.9.RELEASE
2019-10-23 09:46:40,940 INFO (SpringApplication.java:648)- No active profile set, falling back to default profiles: default
2019-10-23 09:46:44,040 INFO (StartupInfoLogger.java:59)- Started CsdjApplication in 3.669 seconds (JVM running for 5.459)
2019-10-23 09:46:59,327 INFO (MemberServiceImpl.java:11)- 添加了一个党员
2019-10-23 09:54:26,850 INFO (StartupInfoLogger.java:50)- Starting CsdjApplication on LAPTOP-8R665O9N with PID 16268 (started by Administrator in D:\study\项目\源码\csdj)
2019-10-23 09:54:26,854 DEBUG (StartupInfoLogger.java:53)- Running with Spring Boot v2.1.9.RELEASE, Spring v5.1.9.RELEASE
2019-10-23 09:54:26,855 INFO (SpringApplication.java:648)- No active profile set, falling back to default profiles: default
2019-10-23 09:54:29,201 INFO (StartupInfoLogger.java:59)- Started CsdjApplication in 2.737 seconds (JVM running for 4.099)
2019-10-23 10:02:37,117 INFO (MemberServiceImpl.java:11)- 添加了一个党员
2019-10-23 10:02:55,631 INFO (MemberServiceImpl.java:11)- 添加了一个党员
2019-10-23 11:27:31,829 INFO (StartupInfoLogger.java:50)- Starting CsdjApplication on LAPTOP-8R665O9N with PID 9776 (C:\Users\Administrator.LAPTOP-8R665O9N\Desktop\dj\target\classes started by Administrator in C:\Users\Administrator.LAPTOP-8R665O9N\Desktop\dj)
2019-10-23 11:27:31,832 DEBUG (StartupInfoLogger.java:53)- Running with Spring Boot v2.1.9.RELEASE, Spring v5.1.9.RELEASE
2019-10-23 11:27:31,832 INFO (SpringApplication.java:648)- No active profile set, falling back to default profiles: default
2019-10-23 11:27:34,955 INFO (StartupInfoLogger.java:59)- Started CsdjApplication in 3.801 seconds (JVM running for 5.682)
2019-10-23 11:28:04,807 INFO (MemberServiceImpl.java:11)- 添加了一个党员
2019-10-23 11:28:08,365 INFO (MemberServiceImpl.java:11)- 添加了一个党员
2019-10-23 11:30:00,724 INFO (MemberServiceImpl.java:11)- 添加了一个党员
2019-10-23 11:30:11,612 INFO (StartupInfoLogger.java:50)- Starting CsdjApplication on LAPTOP-8R665O9N with PID 20312 (C:\Users\Administrator.LAPTOP-8R665O9N\Desktop\dj\target\classes started by Administrator in C:\Users\Administrator.LAPTOP-8R665O9N\Desktop\dj)
2019-10-23 11:30:11,616 DEBUG (StartupInfoLogger.java:53)- Running with Spring Boot v2.1.9.RELEASE, Spring v5.1.9.RELEASE
2019-10-23 11:30:11,617 INFO (SpringApplication.java:648)- No active profile set, falling back to default profiles: default
2019-10-23 11:30:14,436 INFO (StartupInfoLogger.java:59)- Started CsdjApplication in 3.269 seconds (JVM running for 4.619)
2019-10-23 11:30:20,565 INFO (MemberServiceImpl.java:11)- 添加了一个党员
2019-10-23 16:47:42,065 INFO (StartupInfoLogger.java:50)- Starting CsdjApplication on LAPTOP-8R665O9N with PID 8896 (C:\Users\Administrator.LAPTOP-8R665O9N\Desktop\dj\target\classes started by Administrator in C:\Users\Administrator.LAPTOP-8R665O9N\Desktop\dj)
2019-10-23 16:47:42,076 DEBUG (StartupInfoLogger.java:53)- Running with Spring Boot v2.1.9.RELEASE, Spring v5.1.9.RELEASE
2019-10-23 16:47:42,076 INFO (SpringApplication.java:648)- No active profile set, falling back to default profiles: default
2019-10-23 16:47:45,060 INFO (StartupInfoLogger.java:59)- Started CsdjApplication in 3.491 seconds (JVM running for 5.176)
2019-10-23 16:49:02,925 INFO (MemberServiceImpl.java:11)- 添加了一个党员
2019-10-23 16:49:14,644 INFO (StartupInfoLogger.java:50)- Starting CsdjApplication on LAPTOP-8R665O9N with PID 10384 (C:\Users\Administrator.LAPTOP-8R665O9N\Desktop\dj\target\classes started by Administrator in C:\Users\Administrator.LAPTOP-8R665O9N\Desktop\dj)
2019-10-23 16:49:14,648 DEBUG (StartupInfoLogger.java:53)- Running with Spring Boot v2.1.9.RELEASE, Spring v5.1.9.RELEASE
2019-10-23 16:49:14,648 INFO (SpringApplication.java:648)- No active profile set, falling back to default profiles: default
2019-10-23 16:49:17,414 INFO (StartupInfoLogger.java:59)- Started CsdjApplication in 3.252 seconds (JVM running for 4.672)
2019-10-23 16:55:31,179 INFO (StartupInfoLogger.java:50)- Starting CsdjApplication on LAPTOP-8R665O9N with PID 2816 (C:\Users\Administrator.LAPTOP-8R665O9N\Desktop\dj\target\classes started by Administrator in C:\Users\Administrator.LAPTOP-8R665O9N\Desktop\dj)
2019-10-23 16:55:31,183 DEBUG (StartupInfoLogger.java:53)- Running with Spring Boot v2.1.9.RELEASE, Spring v5.1.9.RELEASE
2019-10-23 16:55:31,184 INFO (SpringApplication.java:648)- No active profile set, falling back to default profiles: default
2019-10-23 16:55:34,042 INFO (StartupInfoLogger.java:59)- Started CsdjApplication in 3.331 seconds (JVM running for 5.4)
2019-10-23 17:37:56,847 INFO (StartupInfoLogger.java:50)- Starting CsdjApplication on LAPTOP-PB20U6AE with PID 5300 (C:\Users\Lenovo\Desktop\dj\target\classes started by Lenovo in C:\Users\Lenovo\Desktop\dj)
2019-10-23 17:37:56,853 DEBUG (StartupInfoLogger.java:53)- Running with Spring Boot v2.1.9.RELEASE, Spring v5.1.9.RELEASE
2019-10-23 17:37:56,854 INFO (SpringApplication.java:648)- No active profile set, falling back to default profiles: default
2019-10-23 17:38:00,787 INFO (StartupInfoLogger.java:59)- Started CsdjApplication in 4.615 seconds (JVM running for 5.685)
2019-10-23 17:58:37,313 INFO (MemberServiceImpl.java:11)- 添加了一个党员
2019-10-23 18:41:43,920 INFO (StartupInfoLogger.java:50)- Starting CsdjApplication on LAPTOP-PB20U6AE with PID 10880 (C:\Users\Lenovo\Desktop\dj\target\classes started by Lenovo in C:\Users\Lenovo\Desktop\dj)
2019-10-23 18:41:43,925 DEBUG (StartupInfoLogger.java:53)- Running with Spring Boot v2.1.9.RELEASE, Spring v5.1.9.RELEASE
2019-10-23 18:41:43,926 INFO (SpringApplication.java:648)- No active profile set, falling back to default profiles: default
2019-10-23 18:41:48,224 INFO (StartupInfoLogger.java:59)- Started CsdjApplication in 5.048 seconds (JVM running for 6.438)
2019-10-23 18:43:02,750 INFO (MemberServiceImpl.java:11)- 添加了一个党员
2019-10-23 18:43:59,877 INFO (StartupInfoLogger.java:50)- Starting CsdjApplication on LAPTOP-PB20U6AE with PID 424 (C:\Users\Lenovo\Desktop\dj\target\classes started by Lenovo in C:\Users\Lenovo\Desktop\dj)
2019-10-23 18:43:59,881 DEBUG (StartupInfoLogger.java:53)- Running with Spring Boot v2.1.9.RELEASE, Spring v5.1.9.RELEASE
2019-10-23 18:43:59,881 INFO (SpringApplication.java:648)- No active profile set, falling back to default profiles: default
2019-10-23 18:44:03,905 INFO (StartupInfoLogger.java:59)- Started CsdjApplication in 4.596 seconds (JVM running for 5.837)
2019-10-23 18:45:52,611 INFO (StartupInfoLogger.java:50)- Starting CsdjApplication on LAPTOP-PB20U6AE with PID 8144 (C:\Users\Lenovo\Desktop\dj\target\classes started by Lenovo in C:\Users\Lenovo\Desktop\dj)
2019-10-23 18:45:52,615 DEBUG (StartupInfoLogger.java:53)- Running with Spring Boot v2.1.9.RELEASE, Spring v5.1.9.RELEASE
2019-10-23 18:45:52,616 INFO (SpringApplication.java:648)- No active profile set, falling back to default profiles: default
2019-10-23 18:45:56,552 INFO (StartupInfoLogger.java:59)- Started CsdjApplication in 4.529 seconds (JVM running for 5.741)
2019-10-23 18:47:08,377 INFO (StartupInfoLogger.java:50)- Starting CsdjApplication on LAPTOP-PB20U6AE with PID 12324 (C:\Users\Lenovo\Desktop\dj\target\classes started by Lenovo in C:\Users\Lenovo\Desktop\dj)
2019-10-23 18:47:08,382 DEBUG (StartupInfoLogger.java:53)- Running with Spring Boot v2.1.9.RELEASE, Spring v5.1.9.RELEASE
2019-10-23 18:47:08,383 INFO (SpringApplication.java:648)- No active profile set, falling back to default profiles: default
2019-10-23 18:47:12,413 INFO (StartupInfoLogger.java:59)- Started CsdjApplication in 4.708 seconds (JVM running for 5.812)
2019-10-23 18:49:40,835 INFO (StartupInfoLogger.java:50)- Starting CsdjApplication on LAPTOP-PB20U6AE with PID 21652 (C:\Users\Lenovo\Desktop\dj\target\classes started by Lenovo in C:\Users\Lenovo\Desktop\dj)
2019-10-23 18:49:40,839 DEBUG (StartupInfoLogger.java:53)- Running with Spring Boot v2.1.9.RELEASE, Spring v5.1.9.RELEASE
2019-10-23 18:49:40,839 INFO (SpringApplication.java:648)- No active profile set, falling back to default profiles: default
2019-10-23 18:49:45,030 INFO (StartupInfoLogger.java:59)- Started CsdjApplication in 4.884 seconds (JVM running for 6.008)
2019-10-23 18:50:05,127 INFO (StartupInfoLogger.java:50)- Starting CsdjApplication on LAPTOP-PB20U6AE with PID 22116 (C:\Users\Lenovo\Desktop\dj\target\classes started by Lenovo in C:\Users\Lenovo\Desktop\dj)
2019-10-23 18:50:05,132 DEBUG (StartupInfoLogger.java:53)- Running with Spring Boot v2.1.9.RELEASE, Spring v5.1.9.RELEASE
2019-10-23 18:50:05,133 INFO (SpringApplication.java:648)- No active profile set, falling back to default profiles: default
2019-10-23 18:50:09,206 INFO (StartupInfoLogger.java:59)- Started CsdjApplication in 4.707 seconds (JVM running for 5.749)
2019-10-23 18:51:03,851 INFO (StartupInfoLogger.java:50)- Starting CsdjApplication on LAPTOP-PB20U6AE with PID 19452 (C:\Users\Lenovo\Desktop\dj\target\classes started by Lenovo in C:\Users\Lenovo\Desktop\dj)
2019-10-23 18:51:03,854 DEBUG (StartupInfoLogger.java:53)- Running with Spring Boot v2.1.9.RELEASE, Spring v5.1.9.RELEASE
2019-10-23 18:51:03,855 INFO (SpringApplication.java:648)- No active profile set, falling back to default profiles: default
2019-10-23 18:51:07,992 INFO (StartupInfoLogger.java:59)- Started CsdjApplication in 4.832 seconds (JVM running for 5.942)
2019-10-23 18:54:41,932 INFO (StartupInfoLogger.java:50)- Starting CsdjApplication on LAPTOP-PB20U6AE with PID 22500 (C:\Users\Lenovo\Desktop\dj\target\classes started by Lenovo in C:\Users\Lenovo\Desktop\dj)
2019-10-23 18:54:41,936 DEBUG (StartupInfoLogger.java:53)- Running with Spring Boot v2.1.9.RELEASE, Spring v5.1.9.RELEASE
2019-10-23 18:54:41,938 INFO (SpringApplication.java:648)- No active profile set, falling back to default profiles: default
2019-10-23 18:54:45,896 INFO (StartupInfoLogger.java:59)- Started CsdjApplication in 4.661 seconds (JVM running for 5.852)
2019-10-23 18:55:42,482 INFO (StartupInfoLogger.java:50)- Starting CsdjApplication on LAPTOP-PB20U6AE with PID 12384 (C:\Users\Lenovo\Desktop\dj\target\classes started by Lenovo in C:\Users\Lenovo\Desktop\dj)
2019-10-23 18:55:42,487 DEBUG (StartupInfoLogger.java:53)- Running with Spring Boot v2.1.9.RELEASE, Spring v5.1.9.RELEASE
2019-10-23 18:55:42,488 INFO (SpringApplication.java:648)- No active profile set, falling back to default profiles: default
2019-10-23 18:55:46,396 INFO (StartupInfoLogger.java:59)- Started CsdjApplication in 4.538 seconds (JVM running for 5.636)
2019-10-23 19:01:05,328 INFO (StartupInfoLogger.java:50)- Starting CsdjApplication on LAPTOP-PB20U6AE with PID 20248 (C:\Users\Lenovo\Desktop\dj\target\classes started by Lenovo in C:\Users\Lenovo\Desktop\dj)
2019-10-23 19:01:05,334 DEBUG (StartupInfoLogger.java:53)- Running with Spring Boot v2.1.9.RELEASE, Spring v5.1.9.RELEASE
2019-10-23 19:01:05,334 INFO (SpringApplication.java:648)- No active profile set, falling back to default profiles: default
2019-10-23 19:01:09,348 INFO (StartupInfoLogger.java:59)- Started CsdjApplication in 4.645 seconds (JVM running for 5.754)
2019-10-23 19:05:57,914 INFO (StartupInfoLogger.java:50)- Starting CsdjApplication on LAPTOP-PB20U6AE with PID 17132 (C:\Users\Lenovo\Desktop\dj\target\classes started by Lenovo in C:\Users\Lenovo\Desktop\dj)
2019-10-23 19:05:57,919 DEBUG (StartupInfoLogger.java:53)- Running with Spring Boot v2.1.9.RELEASE, Spring v5.1.9.RELEASE
2019-10-23 19:05:57,920 INFO (SpringApplication.java:648)- No active profile set, falling back to default profiles: default
2019-10-23 19:06:02,348 INFO (StartupInfoLogger.java:59)- Started CsdjApplication in 5.068 seconds (JVM running for 6.225)
2019-10-23 19:06:32,710 INFO (StartupInfoLogger.java:50)- Starting CsdjApplication on LAPTOP-PB20U6AE with PID 11160 (C:\Users\Lenovo\Desktop\dj\target\classes started by Lenovo in C:\Users\Lenovo\Desktop\dj)
2019-10-23 19:06:32,713 DEBUG (StartupInfoLogger.java:53)- Running with Spring Boot v2.1.9.RELEASE, Spring v5.1.9.RELEASE
2019-10-23 19:06:32,713 INFO (SpringApplication.java:648)- No active profile set, falling back to default profiles: default
2019-10-23 19:06:36,554 INFO (StartupInfoLogger.java:59)- Started CsdjApplication in 4.465 seconds (JVM running for 5.594)
